02-19 19:02:33 com_github_MitjaNemec_PlaceFootprints.action_place_footprints 674:Plugin executed on: 'linux'
02-19 19:02:33 com_github_MitjaNemec_PlaceFootprints.action_place_footprints 675:Plugin executed with python version: '3.13.11 (main, Nov 10 2011, 15:00:00) [GCC 15.2.0]'
02-19 19:02:33 com_github_MitjaNemec_PlaceFootprints.action_place_footprints 676:KiCad build version: 9.0.7
02-19 19:02:33 com_github_MitjaNemec_PlaceFootprints.action_place_footprints 677:Plugin version: 4.0.1
02-19 19:02:33 com_github_MitjaNemec_PlaceFootprints.action_place_footprints 678:Frame repr: <wx._core.Frame object at 0x79fe8c19f0b0>
02-19 19:02:33 com_github_MitjaNemec_PlaceFootprints.place_footprints 121:getting a list of all footprints on board
02-19 19:02:33 com_github_MitjaNemec_PlaceFootprints.place_footprints 156:Footprint J1 on root level
02-19 19:02:33 com_github_MitjaNemec_PlaceFootprints.place_footprints 156:Footprint IC4 on root level
02-19 19:02:33 com_github_MitjaNemec_PlaceFootprints.place_footprints 156:Footprint IC3 on root level
02-19 19:02:33 com_github_MitjaNemec_PlaceFootprints.place_footprints 156:Footprint IC2 on root level
02-19 19:02:33 com_github_MitjaNemec_PlaceFootprints.place_footprints 156:Footprint IC1 on root level
02-19 19:02:33 com_github_MitjaNemec_PlaceFootprints.place_footprints 156:Footprint R25 on root level
02-19 19:02:33 com_github_MitjaNemec_PlaceFootprints.place_footprints 156:Footprint R26 on root level
02-19 19:02:33 com_github_MitjaNemec_PlaceFootprints.place_footprints 156:Footprint R24 on root level
02-19 19:02:33 com_github_MitjaNemec_PlaceFootprints.place_footprints 156:Footprint R27 on root level
02-19 19:02:33 com_github_MitjaNemec_PlaceFootprints.place_footprints 156:Footprint R23 on root level
02-19 19:02:33 com_github_MitjaNemec_PlaceFootprints.place_footprints 156:Footprint D25 on root level
02-19 19:02:33 com_github_MitjaNemec_PlaceFootprints.place_footprints 156:Footprint D24 on root level
02-19 19:02:33 com_github_MitjaNemec_PlaceFootprints.place_footprints 156:Footprint D26 on root level
02-19 19:02:33 com_github_MitjaNemec_PlaceFootprints.place_footprints 156:Footprint R22 on root level
02-19 19:02:33 com_github_MitjaNemec_PlaceFootprints.place_footprints 156:Footprint R28 on root level
02-19 19:02:33 com_github_MitjaNemec_PlaceFootprints.place_footprints 156:Footprint D27 on root level
02-19 19:02:33 com_github_MitjaNemec_PlaceFootprints.place_footprints 156:Footprint D23 on root level
02-19 19:02:33 com_github_MitjaNemec_PlaceFootprints.place_footprints 156:Footprint D28 on root level
02-19 19:02:33 com_github_MitjaNemec_PlaceFootprints.place_footprints 156:Footprint D22 on root level
02-19 19:02:33 com_github_MitjaNemec_PlaceFootprints.place_footprints 156:Footprint R29 on root level
02-19 19:02:33 com_github_MitjaNemec_PlaceFootprints.place_footprints 156:Footprint R21 on root level
02-19 19:02:33 com_github_MitjaNemec_PlaceFootprints.place_footprints 156:Footprint D29 on root level
02-19 19:02:33 com_github_MitjaNemec_PlaceFootprints.place_footprints 156:Footprint D21 on root level
02-19 19:02:33 com_github_MitjaNemec_PlaceFootprints.place_footprints 156:Footprint R20 on root level
02-19 19:02:33 com_github_MitjaNemec_PlaceFootprints.place_footprints 156:Footprint R30 on root level
02-19 19:02:33 com_github_MitjaNemec_PlaceFootprints.place_footprints 156:Footprint D20 on root level
02-19 19:02:33 com_github_MitjaNemec_PlaceFootprints.place_footprints 156:Footprint D30 on root level
02-19 19:02:33 com_github_MitjaNemec_PlaceFootprints.place_footprints 156:Footprint R31 on root level
02-19 19:02:33 com_github_MitjaNemec_PlaceFootprints.place_footprints 156:Footprint R19 on root level
02-19 19:02:33 com_github_MitjaNemec_PlaceFootprints.place_footprints 156:Footprint D19 on root level
02-19 19:02:33 com_github_MitjaNemec_PlaceFootprints.place_footprints 156:Footprint D31 on root level
02-19 19:02:33 com_github_MitjaNemec_PlaceFootprints.place_footprints 156:Footprint R18 on root level
02-19 19:02:33 com_github_MitjaNemec_PlaceFootprints.place_footprints 156:Footprint R32 on root level
02-19 19:02:33 com_github_MitjaNemec_PlaceFootprints.place_footprints 156:Footprint D18 on root level
02-19 19:02:33 com_github_MitjaNemec_PlaceFootprints.place_footprints 156:Footprint D32 on root level
02-19 19:02:33 com_github_MitjaNemec_PlaceFootprints.place_footprints 156:Footprint D17 on root level
02-19 19:02:33 com_github_MitjaNemec_PlaceFootprints.place_footprints 156:Footprint R1 on root level
02-19 19:02:33 com_github_MitjaNemec_PlaceFootprints.place_footprints 156:Footprint R5 on root level
02-19 19:02:33 com_github_MitjaNemec_PlaceFootprints.place_footprints 156:Footprint R13 on root level
02-19 19:02:33 com_github_MitjaNemec_PlaceFootprints.place_footprints 156:Footprint R17 on root level
02-19 19:02:33 com_github_MitjaNemec_PlaceFootprints.place_footprints 156:Footprint R11 on root level
02-19 19:02:33 com_github_MitjaNemec_PlaceFootprints.place_footprints 156:Footprint R3 on root level
02-19 19:02:33 com_github_MitjaNemec_PlaceFootprints.place_footprints 156:Footprint R10 on root level
02-19 19:02:33 com_github_MitjaNemec_PlaceFootprints.place_footprints 156:Footprint R9 on root level
02-19 19:02:33 com_github_MitjaNemec_PlaceFootprints.place_footprints 156:Footprint R4 on root level
02-19 19:02:33 com_github_MitjaNemec_PlaceFootprints.place_footprints 156:Footprint R8 on root level
02-19 19:02:33 com_github_MitjaNemec_PlaceFootprints.place_footprints 156:Footprint R14 on root level
02-19 19:02:33 com_github_MitjaNemec_PlaceFootprints.place_footprints 156:Footprint R16 on root level
02-19 19:02:33 com_github_MitjaNemec_PlaceFootprints.place_footprints 156:Footprint R7 on root level
02-19 19:02:33 com_github_MitjaNemec_PlaceFootprints.place_footprints 156:Footprint R6 on root level
02-19 19:02:33 com_github_MitjaNemec_PlaceFootprints.place_footprints 156:Footprint R2 on root level
02-19 19:02:33 com_github_MitjaNemec_PlaceFootprints.place_footprints 156:Footprint R15 on root level
02-19 19:02:33 com_github_MitjaNemec_PlaceFootprints.place_footprints 156:Footprint R12 on root level
02-19 19:02:33 com_github_MitjaNemec_PlaceFootprints.place_footprints 156:Footprint D1 on root level
02-19 19:02:33 com_github_MitjaNemec_PlaceFootprints.place_footprints 156:Footprint D8 on root level
02-19 19:02:33 com_github_MitjaNemec_PlaceFootprints.place_footprints 156:Footprint D7 on root level
02-19 19:02:33 com_github_MitjaNemec_PlaceFootprints.place_footprints 156:Footprint D15 on root level
02-19 19:02:33 com_github_MitjaNemec_PlaceFootprints.place_footprints 156:Footprint D16 on root level
02-19 19:02:33 com_github_MitjaNemec_PlaceFootprints.place_footprints 156:Footprint D11 on root level
02-19 19:02:33 com_github_MitjaNemec_PlaceFootprints.place_footprints 156:Footprint D9 on root level
02-19 19:02:33 com_github_MitjaNemec_PlaceFootprints.place_footprints 156:Footprint D10 on root level
02-19 19:02:33 com_github_MitjaNemec_PlaceFootprints.place_footprints 156:Footprint D5 on root level
02-19 19:02:33 com_github_MitjaNemec_PlaceFootprints.place_footprints 156:Footprint D2 on root level
02-19 19:02:33 com_github_MitjaNemec_PlaceFootprints.place_footprints 156:Footprint D4 on root level
02-19 19:02:33 com_github_MitjaNemec_PlaceFootprints.place_footprints 156:Footprint D6 on root level
02-19 19:02:33 com_github_MitjaNemec_PlaceFootprints.place_footprints 156:Footprint D14 on root level
02-19 19:02:33 com_github_MitjaNemec_PlaceFootprints.place_footprints 156:Footprint D3 on root level
02-19 19:02:33 com_github_MitjaNemec_PlaceFootprints.place_footprints 156:Footprint D13 on root level
02-19 19:02:33 com_github_MitjaNemec_PlaceFootprints.place_footprints 156:Footprint D12 on root level
02-19 19:02:33 com_github_MitjaNemec_PlaceFootprints.action_place_footprints 717:Reference footprint='R1'
02-19 19:02:34 com_github_MitjaNemec_PlaceFootprints.action_place_footprints 858:Reference designator is: R
02-19 19:02:34 com_github_MitjaNemec_PlaceFootprints.action_place_footprints 859:Reference number is: 1
02-19 19:02:34 com_github_MitjaNemec_PlaceFootprints.action_place_footprints 891:Sorted and filtered list:
['R1', 'R2', 'R3', 'R4', 'R5', 'R6', 'R7', 'R8', 'R9', 'R10', 'R11', 'R12', 'R13', 'R14', 'R15', 'R16', 'R17', 'R18', 'R19', 'R20', 'R21', 'R22', 'R23', 'R24', 'R25', 'R26', 'R27', 'R28', 'R29', 'R30', 'R31', 'R32']
02-19 19:02:34 com_github_MitjaNemec_PlaceFootprints.action_place_footprints 376:wx.Colour(48, 48, 48, 255)
02-19 19:02:39 com_github_MitjaNemec_PlaceFootprints.action_place_footprints 507:'40'
02-19 19:02:39 com_github_MitjaNemec_PlaceFootprints.action_place_footprints 559:Preparing config for reference circular
02-19 19:02:39 com_github_MitjaNemec_PlaceFootprints.action_place_footprints 573:Saving config file
02-19 19:02:39 com_github_MitjaNemec_PlaceFootprints.action_place_footprints 575:Saved the config file
02-19 19:02:39 com_github_MitjaNemec_PlaceFootprints.action_place_footprints 929:Footprints to place:
['R1', 'R2', 'R3', 'R4', 'R5', 'R6', 'R7', 'R8', 'R9', 'R10', 'R11', 'R12', 'R13', 'R14', 'R15', 'R16', 'R17', 'R18', 'R19', 'R20', 'R21', 'R22', 'R23', 'R24', 'R25', 'R26', 'R27', 'R28', 'R29', 'R30', 'R31', 'R32']
02-19 19:02:39 com_github_MitjaNemec_PlaceFootprints.place_footprints 359:Starting placing with circular layout
02-19 19:02:39 com_github_MitjaNemec_PlaceFootprints.place_footprints 369:reference footprint position at: VECTOR2I(110040000, 36200763)
02-19 19:02:39 com_github_MitjaNemec_PlaceFootprints.place_footprints 374:rotation center at: (110040000, 76200763.0)
02-19 19:02:39 com_github_MitjaNemec_PlaceFootprints.place_footprints 506:Text of: R1 has property "Keep upright" rotation might not look as intended
02-19 19:02:39 com_github_MitjaNemec_PlaceFootprints.place_footprints 506:Text of: R1 has property "Keep upright" rotation might not look as intended
02-19 19:02:39 com_github_MitjaNemec_PlaceFootprints.place_footprints 506:Text of: R1 has property "Keep upright" rotation might not look as intended
02-19 19:02:39 com_github_MitjaNemec_PlaceFootprints.place_footprints 506:Text of: R1 has property "Keep upright" rotation might not look as intended
02-19 19:02:39 com_github_MitjaNemec_PlaceFootprints.place_footprints 506:Text of: R1 has property "Keep upright" rotation might not look as intended
02-19 19:02:39 com_github_MitjaNemec_PlaceFootprints.place_footprints 506:Text of: R1 has property "Keep upright" rotation might not look as intended
02-19 19:02:39 com_github_MitjaNemec_PlaceFootprints.place_footprints 506:Text of: R1 has property "Keep upright" rotation might not look as intended
02-19 19:02:39 com_github_MitjaNemec_PlaceFootprints.place_footprints 506:Text of: R1 has property "Keep upright" rotation might not look as intended
02-19 19:02:39 com_github_MitjaNemec_PlaceFootprints.place_footprints 506:Text of: R1 has property "Keep upright" rotation might not look as intended
02-19 19:02:39 com_github_MitjaNemec_PlaceFootprints.place_footprints 506:Text of: R1 has property "Keep upright" rotation might not look as intended
02-19 19:02:39 com_github_MitjaNemec_PlaceFootprints.place_footprints 506:Text of: R1 has property "Keep upright" rotation might not look as intended
02-19 19:02:39 com_github_MitjaNemec_PlaceFootprints.place_footprints 506:Text of: R1 has property "Keep upright" rotation might not look as intended
02-19 19:02:39 com_github_MitjaNemec_PlaceFootprints.place_footprints 506:Text of: R1 has property "Keep upright" rotation might not look as intended
02-19 19:02:39 com_github_MitjaNemec_PlaceFootprints.place_footprints 506:Text of: R1 has property "Keep upright" rotation might not look as intended
02-19 19:02:39 com_github_MitjaNemec_PlaceFootprints.place_footprints 506:Text of: R1 has property "Keep upright" rotation might not look as intended
02-19 19:02:39 com_github_MitjaNemec_PlaceFootprints.place_footprints 506:Text of: R1 has property "Keep upright" rotation might not look as intended
02-19 19:02:39 com_github_MitjaNemec_PlaceFootprints.place_footprints 506:Text of: R1 has property "Keep upright" rotation might not look as intended
02-19 19:02:39 com_github_MitjaNemec_PlaceFootprints.place_footprints 506:Text of: R1 has property "Keep upright" rotation might not look as intended
02-19 19:02:39 com_github_MitjaNemec_PlaceFootprints.place_footprints 506:Text of: R1 has property "Keep upright" rotation might not look as intended
02-19 19:02:39 com_github_MitjaNemec_PlaceFootprints.place_footprints 506:Text of: R1 has property "Keep upright" rotation might not look as intended
02-19 19:02:39 com_github_MitjaNemec_PlaceFootprints.place_footprints 506:Text of: R1 has property "Keep upright" rotation might not look as intended
02-19 19:02:39 com_github_MitjaNemec_PlaceFootprints.place_footprints 506:Text of: R1 has property "Keep upright" rotation might not look as intended
02-19 19:02:39 com_github_MitjaNemec_PlaceFootprints.place_footprints 506:Text of: R1 has property "Keep upright" rotation might not look as intended
02-19 19:02:39 com_github_MitjaNemec_PlaceFootprints.place_footprints 506:Text of: R1 has property "Keep upright" rotation might not look as intended
02-19 19:02:39 com_github_MitjaNemec_PlaceFootprints.place_footprints 506:Text of: R1 has property "Keep upright" rotation might not look as intended
02-19 19:02:39 com_github_MitjaNemec_PlaceFootprints.place_footprints 506:Text of: R1 has property "Keep upright" rotation might not look as intended
02-19 19:02:39 com_github_MitjaNemec_PlaceFootprints.place_footprints 506:Text of: R1 has property "Keep upright" rotation might not look as intended
02-19 19:02:39 com_github_MitjaNemec_PlaceFootprints.place_footprints 506:Text of: R1 has property "Keep upright" rotation might not look as intended
02-19 19:02:39 com_github_MitjaNemec_PlaceFootprints.place_footprints 506:Text of: R1 has property "Keep upright" rotation might not look as intended
02-19 19:02:39 com_github_MitjaNemec_PlaceFootprints.place_footprints 506:Text of: R1 has property "Keep upright" rotation might not look as intended
02-19 19:02:39 com_github_MitjaNemec_PlaceFootprints.place_footprints 506:Text of: R1 has property "Keep upright" rotation might not look as intended
02-19 19:02:39 com_github_MitjaNemec_PlaceFootprints.place_footprints 506:Text of: R1 has property "Keep upright" rotation might not look as intended
02-19 19:02:39 com_github_MitjaNemec_PlaceFootprints.place_footprints 506:Text of: R1 has property "Keep upright" rotation might not look as intended
02-19 19:02:39 com_github_MitjaNemec_PlaceFootprints.place_footprints 506:Text of: R1 has property "Keep upright" rotation might not look as intended
02-19 19:02:39 com_github_MitjaNemec_PlaceFootprints.place_footprints 506:Text of: R1 has property "Keep upright" rotation might not look as intended
02-19 19:02:39 com_github_MitjaNemec_PlaceFootprints.place_footprints 506:Text of: R1 has property "Keep upright" rotation might not look as intended
02-19 19:02:39 com_github_MitjaNemec_PlaceFootprints.place_footprints 506:Text of: R1 has property "Keep upright" rotation might not look as intended
02-19 19:02:39 com_github_MitjaNemec_PlaceFootprints.place_footprints 506:Text of: R1 has property "Keep upright" rotation might not look as intended
02-19 19:02:39 com_github_MitjaNemec_PlaceFootprints.place_footprints 506:Text of: R1 has property "Keep upright" rotation might not look as intended
02-19 19:02:39 com_github_MitjaNemec_PlaceFootprints.place_footprints 506:Text of: R1 has property "Keep upright" rotation might not look as intended
02-19 19:02:39 com_github_MitjaNemec_PlaceFootprints.place_footprints 506:Text of: R1 has property "Keep upright" rotation might not look as intended
02-19 19:02:39 com_github_MitjaNemec_PlaceFootprints.place_footprints 506:Text of: R1 has property "Keep upright" rotation might not look as intended
02-19 19:02:39 com_github_MitjaNemec_PlaceFootprints.place_footprints 506:Text of: R1 has property "Keep upright" rotation might not look as intended
02-19 19:02:39 com_github_MitjaNemec_PlaceFootprints.place_footprints 506:Text of: R1 has property "Keep upright" rotation might not look as intended
02-19 19:02:39 com_github_MitjaNemec_PlaceFootprints.place_footprints 506:Text of: R1 has property "Keep upright" rotation might not look as intended
02-19 19:02:39 com_github_MitjaNemec_PlaceFootprints.place_footprints 506:Text of: R1 has property "Keep upright" rotation might not look as intended
02-19 19:02:39 com_github_MitjaNemec_PlaceFootprints.place_footprints 506:Text of: R1 has property "Keep upright" rotation might not look as intended
02-19 19:02:39 com_github_MitjaNemec_PlaceFootprints.place_footprints 506:Text of: R1 has property "Keep upright" rotation might not look as intended
02-19 19:02:39 com_github_MitjaNemec_PlaceFootprints.place_footprints 506:Text of: R1 has property "Keep upright" rotation might not look as intended
02-19 19:02:39 com_github_MitjaNemec_PlaceFootprints.place_footprints 506:Text of: R1 has property "Keep upright" rotation might not look as intended
02-19 19:02:39 com_github_MitjaNemec_PlaceFootprints.place_footprints 506:Text of: R1 has property "Keep upright" rotation might not look as intended
02-19 19:02:39 com_github_MitjaNemec_PlaceFootprints.place_footprints 506:Text of: R1 has property "Keep upright" rotation might not look as intended
02-19 19:02:39 com_github_MitjaNemec_PlaceFootprints.place_footprints 506:Text of: R1 has property "Keep upright" rotation might not look as intended
02-19 19:02:39 com_github_MitjaNemec_PlaceFootprints.place_footprints 506:Text of: R1 has property "Keep upright" rotation might not look as intended
02-19 19:02:39 com_github_MitjaNemec_PlaceFootprints.place_footprints 506:Text of: R1 has property "Keep upright" rotation might not look as intended
02-19 19:02:39 com_github_MitjaNemec_PlaceFootprints.place_footprints 506:Text of: R1 has property "Keep upright" rotation might not look as intended
02-19 19:02:39 com_github_MitjaNemec_PlaceFootprints.place_footprints 506:Text of: R1 has property "Keep upright" rotation might not look as intended
02-19 19:02:39 com_github_MitjaNemec_PlaceFootprints.place_footprints 506:Text of: R1 has property "Keep upright" rotation might not look as intended
02-19 19:02:39 com_github_MitjaNemec_PlaceFootprints.place_footprints 506:Text of: R1 has property "Keep upright" rotation might not look as intended
02-19 19:02:39 com_github_MitjaNemec_PlaceFootprints.place_footprints 506:Text of: R1 has property "Keep upright" rotation might not look as intended
02-19 19:02:39 com_github_MitjaNemec_PlaceFootprints.place_footprints 506:Text of: R1 has property "Keep upright" rotation might not look as intended
02-19 19:02:39 com_github_MitjaNemec_PlaceFootprints.place_footprints 506:Text of: R1 has property "Keep upright" rotation might not look as intended
02-19 19:02:39 com_github_MitjaNemec_PlaceFootprints.place_footprints 506:Text of: R1 has property "Keep upright" rotation might not look as intended
02-19 19:02:39 com_github_MitjaNemec_PlaceFootprints.place_footprints 506:Text of: R1 has property "Keep upright" rotation might not look as intended
02-19 19:02:39 com_github_MitjaNemec_PlaceFootprints.place_footprints 506:Text of: R1 has property "Keep upright" rotation might not look as intended
02-19 19:02:39 com_github_MitjaNemec_PlaceFootprints.place_footprints 506:Text of: R1 has property "Keep upright" rotation might not look as intended
02-19 19:02:39 com_github_MitjaNemec_PlaceFootprints.place_footprints 506:Text of: R1 has property "Keep upright" rotation might not look as intended
02-19 19:02:39 com_github_MitjaNemec_PlaceFootprints.place_footprints 506:Text of: R1 has property "Keep upright" rotation might not look as intended
02-19 19:02:39 com_github_MitjaNemec_PlaceFootprints.place_footprints 506:Text of: R1 has property "Keep upright" rotation might not look as intended
02-19 19:02:39 com_github_MitjaNemec_PlaceFootprints.place_footprints 506:Text of: R1 has property "Keep upright" rotation might not look as intended
02-19 19:02:39 com_github_MitjaNemec_PlaceFootprints.place_footprints 506:Text of: R1 has property "Keep upright" rotation might not look as intended
02-19 19:02:39 com_github_MitjaNemec_PlaceFootprints.place_footprints 506:Text of: R1 has property "Keep upright" rotation might not look as intended
02-19 19:02:39 com_github_MitjaNemec_PlaceFootprints.place_footprints 506:Text of: R1 has property "Keep upright" rotation might not look as intended
02-19 19:02:39 com_github_MitjaNemec_PlaceFootprints.place_footprints 506:Text of: R1 has property "Keep upright" rotation might not look as intended
02-19 19:02:39 com_github_MitjaNemec_PlaceFootprints.place_footprints 506:Text of: R1 has property "Keep upright" rotation might not look as intended
02-19 19:02:39 com_github_MitjaNemec_PlaceFootprints.place_footprints 506:Text of: R1 has property "Keep upright" rotation might not look as intended
02-19 19:02:39 com_github_MitjaNemec_PlaceFootprints.place_footprints 506:Text of: R1 has property "Keep upright" rotation might not look as intended
02-19 19:02:39 com_github_MitjaNemec_PlaceFootprints.place_footprints 506:Text of: R1 has property "Keep upright" rotation might not look as intended
02-19 19:02:39 com_github_MitjaNemec_PlaceFootprints.place_footprints 506:Text of: R1 has property "Keep upright" rotation might not look as intended
02-19 19:02:39 com_github_MitjaNemec_PlaceFootprints.place_footprints 506:Text of: R1 has property "Keep upright" rotation might not look as intended
02-19 19:02:39 com_github_MitjaNemec_PlaceFootprints.place_footprints 506:Text of: R1 has property "Keep upright" rotation might not look as intended
02-19 19:02:39 com_github_MitjaNemec_PlaceFootprints.place_footprints 506:Text of: R1 has property "Keep upright" rotation might not look as intended
02-19 19:02:39 com_github_MitjaNemec_PlaceFootprints.place_footprints 506:Text of: R1 has property "Keep upright" rotation might not look as intended
02-19 19:02:39 com_github_MitjaNemec_PlaceFootprints.place_footprints 506:Text of: R1 has property "Keep upright" rotation might not look as intended
02-19 19:02:39 com_github_MitjaNemec_PlaceFootprints.place_footprints 506:Text of: R1 has property "Keep upright" rotation might not look as intended
02-19 19:02:39 com_github_MitjaNemec_PlaceFootprints.place_footprints 506:Text of: R1 has property "Keep upright" rotation might not look as intended
02-19 19:02:39 com_github_MitjaNemec_PlaceFootprints.place_footprints 506:Text of: R1 has property "Keep upright" rotation might not look as intended
02-19 19:02:39 com_github_MitjaNemec_PlaceFootprints.place_footprints 506:Text of: R1 has property "Keep upright" rotation might not look as intended
02-19 19:02:39 com_github_MitjaNemec_PlaceFootprints.place_footprints 506:Text of: R1 has property "Keep upright" rotation might not look as intended
02-19 19:02:39 com_github_MitjaNemec_PlaceFootprints.place_footprints 506:Text of: R1 has property "Keep upright" rotation might not look as intended
02-19 19:02:39 com_github_MitjaNemec_PlaceFootprints.place_footprints 506:Text of: R1 has property "Keep upright" rotation might not look as intended
02-19 19:02:39 com_github_MitjaNemec_PlaceFootprints.place_footprints 506:Text of: R1 has property "Keep upright" rotation might not look as intended
02-19 19:02:39 com_github_MitjaNemec_PlaceFootprints.place_footprints 506:Text of: R1 has property "Keep upright" rotation might not look as intended
02-19 19:02:39 com_github_MitjaNemec_PlaceFootprints.action_place_footprints 944:Placing complete
