
CH32V003F4P_shift_registers.elf:     file format elf32-littleriscv
CH32V003F4P_shift_registers.elf
architecture: riscv:rv32, flags 0x00000112:
EXEC_P, HAS_SYMS, D_PAGED
start address 0x00000000

Program Header:
    LOAD off    0x00001000 vaddr 0x00000000 paddr 0x00000000 align 2**12
         filesz 0x00000ecc memsz 0x00000ecc flags r-x
    LOAD off    0x00002000 vaddr 0x20000000 paddr 0x00000ecc align 2**12
         filesz 0x00000038 memsz 0x00000044 flags rw-
    LOAD off    0x00002700 vaddr 0x20000700 paddr 0x20000700 align 2**12
         filesz 0x00000000 memsz 0x00000100 flags rw-

Sections:
Idx Name          Size      VMA       LMA       File off  Algn
  0 .init         000000a0  00000000  00000000  00001000  2**2
                  CONTENTS, ALLOC, LOAD, READONLY, CODE
  1 .highcodelalign 00000000  000000a0  000000a0  00002038  2**0
                  CONTENTS
  2 .highcode     00000000  20000000  20000000  00002038  2**0
                  CONTENTS
  3 .text         00000e2c  000000a0  000000a0  000010a0  2**2
                  CONTENTS, ALLOC, LOAD, READONLY, CODE
  4 .fini         00000000  00000ecc  00000ecc  00002038  2**0
                  CONTENTS, ALLOC, LOAD, CODE
  5 .dalign       00000000  20000000  20000000  00002038  2**0
                  CONTENTS
  6 .dlalign      00000000  00000ecc  00000ecc  00002038  2**0
                  CONTENTS
  7 .data         00000038  20000000  00000ecc  00002000  2**2
                  CONTENTS, ALLOC, LOAD, DATA
  8 .bss          0000000c  20000038  00000f04  00002038  2**2
                  ALLOC
  9 .stack        00000100  20000700  20000700  00002700  2**0
                  ALLOC
 10 .debug_info   00009a1e  00000000  00000000  00002038  2**0
                  CONTENTS, READONLY, DEBUGGING
 11 .debug_abbrev 00001ea1  00000000  00000000  0000ba56  2**0
                  CONTENTS, READONLY, DEBUGGING
 12 .debug_aranges 000004b8  00000000  00000000  0000d8f8  2**3
                  CONTENTS, READONLY, DEBUGGING
 13 .debug_ranges 00000490  00000000  00000000  0000ddb0  2**3
                  CONTENTS, READONLY, DEBUGGING
 14 .debug_line   00005c5e  00000000  00000000  0000e240  2**0
                  CONTENTS, READONLY, DEBUGGING
 15 .debug_str    00001928  00000000  00000000  00013e9e  2**0
                  CONTENTS, READONLY, DEBUGGING
 16 .comment      00000033  00000000  00000000  000157c6  2**0
                  CONTENTS, READONLY
 17 .debug_frame  0000095c  00000000  00000000  000157fc  2**2
                  CONTENTS, READONLY, DEBUGGING
 18 .debug_loc    00001a71  00000000  00000000  00016158  2**0
                  CONTENTS, READONLY, DEBUGGING
SYMBOL TABLE:
00000000 l    d  .init	00000000 .init
000000a0 l    d  .highcodelalign	00000000 .highcodelalign
20000000 l    d  .highcode	00000000 .highcode
000000a0 l    d  .text	00000000 .text
00000ecc l    d  .fini	00000000 .fini
20000000 l    d  .dalign	00000000 .dalign
00000ecc l    d  .dlalign	00000000 .dlalign
20000000 l    d  .data	00000000 .data
20000038 l    d  .bss	00000000 .bss
20000700 l    d  .stack	00000000 .stack
00000000 l    d  .debug_info	00000000 .debug_info
00000000 l    d  .debug_abbrev	00000000 .debug_abbrev
00000000 l    d  .debug_aranges	00000000 .debug_aranges
00000000 l    d  .debug_ranges	00000000 .debug_ranges
00000000 l    d  .debug_line	00000000 .debug_line
00000000 l    d  .debug_str	00000000 .debug_str
00000000 l    d  .comment	00000000 .comment
00000000 l    d  .debug_frame	00000000 .debug_frame
00000000 l    d  .debug_loc	00000000 .debug_loc
00000000 l    df *ABS*	00000000 ch32v00x_it.c
00000000 l    df *ABS*	00000000 main.c
00000000 l    df *ABS*	00000000 system_ch32v00x.c
00000000 l    df *ABS*	00000000 ch32v00x_dbgmcu.c
00000000 l    df *ABS*	00000000 ch32v00x_gpio.c
00000000 l    df *ABS*	00000000 ch32v00x_misc.c
00000000 l    df *ABS*	00000000 ch32v00x_rcc.c
20000014 l     O .data	00000014 ADCPrescTable
20000028 l     O .data	00000010 APBAHBPrescTable
00000000 l    df *ABS*	00000000 ch32v00x_spi.c
00000000 l    df *ABS*	00000000 ch32v00x_usart.c
00000000 l    df *ABS*	00000000 debug.c
20000040 l     O .bss	00000002 p_ms
20000042 l     O .bss	00000001 p_us
00000000 l    df *ABS*	00000000 wchprintf.c
00000b2c  w    F .text	00000004 printDouble
00000b30  w    F .text	00000352 print
00000e82  w    F .text	00000022 printf
20000838 g       .data	00000000 __global_pointer$
000004b8  w      .text	00000000 TIM1_CC_IRQHandler
0000071c g     F .text	00000004 SPI_I2S_SendData
00000134 g     F .text	00000010 HardFault_Handler
00000a1a  w    F .text	0000010e printInt
000001ba g     F .text	0000001a SysTick_Handler
000004b8  w      .text	00000000 PVD_IRQHandler
00000132 g     F .text	00000002 NMI_Handler
0000056a g     F .text	0000000a DBGMCU_GetCHIPID
0000080e g     F .text	0000000a USART_GetFlagStatus
20000038 g       .bss	00000000 _sbss
00000100 g       *ABS*	00000000 __stack_size
0000084c g     F .text	00000054 USART_Printf_Init
000000aa g     F .text	0000000a .hidden __riscv_restore_2
00000b28  w    F .text	00000004 printLongLongInt
20000010 g     O .data	00000004 SystemCoreClock
000000bc g     F .text	0000002c .hidden __udivsi3
000000a0 g       .init	00000000 _einit
000006b2 g     F .text	0000001e RCC_APB2PeriphClockCmd
00000200 g     F .text	0000006a SPI_1_config
00000574 g     F .text	0000007c GPIO_Init
2000003c g     O .bss	00000004 NVIC_Priority_Group
000004b8  w      .text	00000000 SPI1_IRQHandler
000007f0 g     F .text	00000016 USART_Cmd
000000a0 g     F .text	0000000a .hidden __riscv_save_1
000000aa g     F .text	0000000a .hidden __riscv_restore_0
000004b8  w      .text	00000000 AWU_IRQHandler
000004b8  w      .text	00000000 EXTI7_0_IRQHandler
20000700 g       .stack	00000000 _heap_end
00000720 g     F .text	0000000a SPI_I2S_GetFlagStatus
000004b8  w      .text	00000000 DMA1_Channel4_IRQHandler
000004b8  w      .text	00000000 ADC1_IRQHandler
20000044 g       .bss	00000000 _ebss
000004b8  w      .text	00000000 DMA1_Channel7_IRQHandler
00000818 g     F .text	00000034 Delay_Init
000005f0 g     F .text	0000000a GPIO_WriteBit
000000e8 g     F .text	00000008 .hidden __umodsi3
000004b8  w      .text	00000000 I2C1_EV_IRQHandler
00000616 g     F .text	0000009c RCC_GetClocksFreq
000004b8  w      .text	00000000 DMA1_Channel6_IRQHandler
0000072a g     F .text	000000c6 USART_Init
000004b8  w      .text	00000000 RCC_IRQHandler
000004b8  w      .text	00000000 TIM1_TRG_COM_IRQHandler
000004b8  w      .text	00000000 DMA1_Channel1_IRQHandler
00000000 g       .init	00000000 _start
20000000 g     O .data	00000010 AHBPrescTable
00000934  w    F .text	000000e6 prints
20000000 g       .highcode	00000000 _highcode_vma_start
20000038 g     O .bss	00000004 global_ms
20000000 g       .dalign	00000000 _data_vma
00000144 g     F .text	00000076 USARTx_CFG
00000604 g     F .text	00000012 RCC_AdjustHSICalibrationValue
000002b8 g     F .text	00000066 main
000001d4 g     F .text	0000002c SysTick_Init
000004b8  w      .text	00000000 DMA1_Channel5_IRQHandler
000000b4 g     F .text	00000058 .hidden __divsi3
00000702 g     F .text	0000001a SPI_Cmd
000000a0 g       .highcodelalign	00000000 _highcode_lma
0000031e g     F .text	00000132 SystemInit
000008ec  w    F .text	00000048 printchar
00000000 g       .init	00000000 _sinit
000004b8  w      .text	00000000 DMA1_Channel3_IRQHandler
000004b8  w      .text	00000000 TIM1_UP_IRQHandler
000004b8  w      .text	00000000 WWDG_IRQHandler
000004b8  w      .text	00000000 TIM2_IRQHandler
20000800 g       .stack	00000000 _eusrstack
000000a0 g     F .text	0000000a .hidden __riscv_save_2
000004b8  w      .text	00000000 SW_Handler
000004b8  w      .text	00000000 TIM1_BRK_IRQHandler
00000806 g     F .text	00000008 USART_SendData
000008a0 g     F .text	0000004c _write
20000038 g       .data	00000000 _edata
20000044 g       .bss	00000000 _end
20000000 g       .highcode	00000000 _highcode_vma_end
00000ecc g       .dlalign	00000000 _data_lma
00000450 g     F .text	00000068 SystemCoreClockUpdate
0000010c g     F .text	00000024 .hidden __modsi3
000004b8  w      .text	00000000 DMA1_Channel2_IRQHandler
0000026a g     F .text	0000004e SPI_send_data
000004ba  w      .text	00000000 handle_reset
000004b8  w      .text	00000000 FLASH_IRQHandler
000000a0 g     F .text	0000000a .hidden __riscv_save_0
000004b8  w      .text	00000000 USART1_IRQHandler
000004b8  w      .text	00000000 I2C1_ER_IRQHandler
000006d0 g     F .text	00000032 SPI_Init
000005fa g     F .text	0000000a NVIC_PriorityGroupConfig
000000aa g     F .text	0000000a .hidden __riscv_restore_1



Disassembly of section .init:

00000000 <_sinit>:
   0:	4ba0006f          	j	4ba <handle_reset>
   4:	0000                	unimp
   6:	0000                	unimp
   8:	0132                	slli	sp,sp,0xc
   a:	0000                	unimp
   c:	0134                	addi	a3,sp,136
	...
  2e:	0000                	unimp
  30:	01ba                	slli	gp,gp,0xe
  32:	0000                	unimp
  34:	0000                	unimp
  36:	0000                	unimp
  38:	04b8                	addi	a4,sp,584
  3a:	0000                	unimp
  3c:	0000                	unimp
  3e:	0000                	unimp
  40:	04b8                	addi	a4,sp,584
  42:	0000                	unimp
  44:	04b8                	addi	a4,sp,584
  46:	0000                	unimp
  48:	04b8                	addi	a4,sp,584
  4a:	0000                	unimp
  4c:	04b8                	addi	a4,sp,584
  4e:	0000                	unimp
  50:	04b8                	addi	a4,sp,584
  52:	0000                	unimp
  54:	04b8                	addi	a4,sp,584
  56:	0000                	unimp
  58:	04b8                	addi	a4,sp,584
  5a:	0000                	unimp
  5c:	04b8                	addi	a4,sp,584
  5e:	0000                	unimp
  60:	04b8                	addi	a4,sp,584
  62:	0000                	unimp
  64:	04b8                	addi	a4,sp,584
  66:	0000                	unimp
  68:	04b8                	addi	a4,sp,584
  6a:	0000                	unimp
  6c:	04b8                	addi	a4,sp,584
  6e:	0000                	unimp
  70:	04b8                	addi	a4,sp,584
  72:	0000                	unimp
  74:	04b8                	addi	a4,sp,584
  76:	0000                	unimp
  78:	04b8                	addi	a4,sp,584
  7a:	0000                	unimp
  7c:	04b8                	addi	a4,sp,584
  7e:	0000                	unimp
  80:	04b8                	addi	a4,sp,584
  82:	0000                	unimp
  84:	04b8                	addi	a4,sp,584
  86:	0000                	unimp
  88:	04b8                	addi	a4,sp,584
  8a:	0000                	unimp
  8c:	04b8                	addi	a4,sp,584
  8e:	0000                	unimp
  90:	04b8                	addi	a4,sp,584
  92:	0000                	unimp
  94:	04b8                	addi	a4,sp,584
  96:	0000                	unimp
  98:	04b8                	addi	a4,sp,584
  9a:	0000                	unimp
  9c:	0000                	unimp
	...

Disassembly of section .text:

000000a0 <__riscv_save_0>:
  a0:	1151                	addi	sp,sp,-12
  a2:	c026                	sw	s1,0(sp)
  a4:	c222                	sw	s0,4(sp)
  a6:	c406                	sw	ra,8(sp)
  a8:	8282                	jr	t0

000000aa <__riscv_restore_0>:
  aa:	4482                	lw	s1,0(sp)
  ac:	4412                	lw	s0,4(sp)
  ae:	40a2                	lw	ra,8(sp)
  b0:	0131                	addi	sp,sp,12
  b2:	8082                	ret

000000b4 <__divsi3>:
  b4:	02054e63          	bltz	a0,f0 <__umodsi3+0x8>
  b8:	0405c363          	bltz	a1,fe <__umodsi3+0x16>

000000bc <__udivsi3>:
  bc:	862e                	mv	a2,a1
  be:	85aa                	mv	a1,a0
  c0:	557d                	li	a0,-1
  c2:	c215                	beqz	a2,e6 <__udivsi3+0x2a>
  c4:	4685                	li	a3,1
  c6:	00b67863          	bgeu	a2,a1,d6 <__udivsi3+0x1a>
  ca:	00c05663          	blez	a2,d6 <__udivsi3+0x1a>
  ce:	0606                	slli	a2,a2,0x1
  d0:	0686                	slli	a3,a3,0x1
  d2:	feb66ce3          	bltu	a2,a1,ca <__udivsi3+0xe>
  d6:	4501                	li	a0,0
  d8:	00c5e463          	bltu	a1,a2,e0 <__udivsi3+0x24>
  dc:	8d91                	sub	a1,a1,a2
  de:	8d55                	or	a0,a0,a3
  e0:	8285                	srli	a3,a3,0x1
  e2:	8205                	srli	a2,a2,0x1
  e4:	faf5                	bnez	a3,d8 <__udivsi3+0x1c>
  e6:	8082                	ret

000000e8 <__umodsi3>:
  e8:	8286                	mv	t0,ra
  ea:	3fc9                	jal	bc <__udivsi3>
  ec:	852e                	mv	a0,a1
  ee:	8282                	jr	t0
  f0:	40a00533          	neg	a0,a0
  f4:	0005d763          	bgez	a1,102 <__stack_size+0x2>
  f8:	40b005b3          	neg	a1,a1
  fc:	b7c1                	j	bc <__udivsi3>
  fe:	40b005b3          	neg	a1,a1
 102:	8286                	mv	t0,ra
 104:	3f65                	jal	bc <__udivsi3>
 106:	40a00533          	neg	a0,a0
 10a:	8282                	jr	t0

0000010c <__modsi3>:
 10c:	8286                	mv	t0,ra
 10e:	0005c763          	bltz	a1,11c <__modsi3+0x10>
 112:	00054963          	bltz	a0,124 <__modsi3+0x18>
 116:	375d                	jal	bc <__udivsi3>
 118:	852e                	mv	a0,a1
 11a:	8282                	jr	t0
 11c:	40b005b3          	neg	a1,a1
 120:	fe055be3          	bgez	a0,116 <__modsi3+0xa>
 124:	40a00533          	neg	a0,a0
 128:	3f51                	jal	bc <__udivsi3>
 12a:	40b00533          	neg	a0,a1
 12e:	8282                	jr	t0
	...

00000132 <NMI_Handler>:
 132:	a001                	j	132 <NMI_Handler>

00000134 <HardFault_Handler>:
 134:	beef07b7          	lui	a5,0xbeef0
 138:	e000e737          	lui	a4,0xe000e
 13c:	08078793          	addi	a5,a5,128 # beef0080 <__global_pointer$+0x9eeef848>
 140:	c73c                	sw	a5,72(a4)
 142:	a001                	j	142 <HardFault_Handler+0xe>

00000144 <USARTx_CFG>:
 144:	f5dff2ef          	jal	t0,a0 <__riscv_save_0>
 148:	6511                	lui	a0,0x4
 14a:	1111                	addi	sp,sp,-28
 14c:	4585                	li	a1,1
 14e:	02050513          	addi	a0,a0,32 # 4020 <_data_lma+0x3154>
 152:	c002                	sw	zero,0(sp)
 154:	c202                	sw	zero,4(sp)
 156:	c402                	sw	zero,8(sp)
 158:	c602                	sw	zero,12(sp)
 15a:	c802                	sw	zero,16(sp)
 15c:	ca02                	sw	zero,20(sp)
 15e:	cc02                	sw	zero,24(sp)
 160:	2b89                	jal	6b2 <RCC_APB2PeriphClockCmd>
 162:	02000793          	li	a5,32
 166:	807c                	sh	a5,0(sp)
 168:	40011437          	lui	s0,0x40011
 16c:	478d                	li	a5,3
 16e:	c23e                	sw	a5,4(sp)
 170:	858a                	mv	a1,sp
 172:	47e1                	li	a5,24
 174:	40040513          	addi	a0,s0,1024 # 40011400 <__global_pointer$+0x20010bc8>
 178:	c43e                	sw	a5,8(sp)
 17a:	2eed                	jal	574 <GPIO_Init>
 17c:	04000793          	li	a5,64
 180:	807c                	sh	a5,0(sp)
 182:	858a                	mv	a1,sp
 184:	4791                	li	a5,4
 186:	40040513          	addi	a0,s0,1024
 18a:	c43e                	sw	a5,8(sp)
 18c:	26e5                	jal	574 <GPIO_Init>
 18e:	67f1                	lui	a5,0x1c
 190:	40014437          	lui	s0,0x40014
 194:	20078793          	addi	a5,a5,512 # 1c200 <_data_lma+0x1b334>
 198:	c63e                	sw	a5,12(sp)
 19a:	006c                	addi	a1,sp,12
 19c:	000c07b7          	lui	a5,0xc0
 1a0:	80040513          	addi	a0,s0,-2048 # 40013800 <__global_pointer$+0x20012fc8>
 1a4:	ca3e                	sw	a5,20(sp)
 1a6:	c802                	sw	zero,16(sp)
 1a8:	00011c23          	sh	zero,24(sp)
 1ac:	2bbd                	jal	72a <USART_Init>
 1ae:	4585                	li	a1,1
 1b0:	80040513          	addi	a0,s0,-2048
 1b4:	2d35                	jal	7f0 <USART_Cmd>
 1b6:	0171                	addi	sp,sp,28
 1b8:	bdcd                	j	aa <__riscv_restore_0>

000001ba <SysTick_Handler>:
 1ba:	200007b7          	lui	a5,0x20000
 1be:	03878793          	addi	a5,a5,56 # 20000038 <_edata>
 1c2:	4398                	lw	a4,0(a5)
 1c4:	0705                	addi	a4,a4,1
 1c6:	c398                	sw	a4,0(a5)
 1c8:	e000f7b7          	lui	a5,0xe000f
 1cc:	0007a223          	sw	zero,4(a5) # e000f004 <__global_pointer$+0xc000e7cc>
 1d0:	30200073          	mret

000001d4 <SysTick_Init>:
 1d4:	ecdff2ef          	jal	t0,a0 <__riscv_save_0>
 1d8:	200007b7          	lui	a5,0x20000
 1dc:	0107a503          	lw	a0,16(a5) # 20000010 <SystemCoreClock>
 1e0:	3e800593          	li	a1,1000
 1e4:	3de1                	jal	bc <__udivsi3>
 1e6:	e000f7b7          	lui	a5,0xe000f
 1ea:	cb88                	sw	a0,16(a5)
 1ec:	0007a423          	sw	zero,8(a5) # e000f008 <__global_pointer$+0xc000e7d0>
 1f0:	473d                	li	a4,15
 1f2:	c398                	sw	a4,0(a5)
 1f4:	e000e7b7          	lui	a5,0xe000e
 1f8:	6705                	lui	a4,0x1
 1fa:	10e7a023          	sw	a4,256(a5) # e000e100 <__global_pointer$+0xc000d8c8>
 1fe:	b575                	j	aa <__riscv_restore_0>

00000200 <SPI_1_config>:
 200:	ea1ff2ef          	jal	t0,a0 <__riscv_save_0>
 204:	6505                	lui	a0,0x1
 206:	1101                	addi	sp,sp,-32
 208:	4585                	li	a1,1
 20a:	0541                	addi	a0,a0,16
 20c:	c002                	sw	zero,0(sp)
 20e:	c202                	sw	zero,4(sp)
 210:	c402                	sw	zero,8(sp)
 212:	c602                	sw	zero,12(sp)
 214:	c802                	sw	zero,16(sp)
 216:	ca02                	sw	zero,20(sp)
 218:	cc02                	sw	zero,24(sp)
 21a:	00011e23          	sh	zero,28(sp)
 21e:	2951                	jal	6b2 <RCC_APB2PeriphClockCmd>
 220:	06000793          	li	a5,96
 224:	807c                	sh	a5,0(sp)
 226:	47e1                	li	a5,24
 228:	c43e                	sw	a5,8(sp)
 22a:	858a                	mv	a1,sp
 22c:	478d                	li	a5,3
 22e:	40011537          	lui	a0,0x40011
 232:	c23e                	sw	a5,4(sp)
 234:	2681                	jal	574 <GPIO_Init>
 236:	4441                	li	s0,16
 238:	4789                	li	a5,2
 23a:	858a                	mv	a1,sp
 23c:	40011537          	lui	a0,0x40011
 240:	807c                	sh	a5,0(sp)
 242:	c422                	sw	s0,8(sp)
 244:	2e05                	jal	574 <GPIO_Init>
 246:	0104c7b7          	lui	a5,0x104c
 24a:	c63e                	sw	a5,12(sp)
 24c:	006c                	addi	a1,sp,12
 24e:	020007b7          	lui	a5,0x2000
 252:	40013537          	lui	a0,0x40013
 256:	ca3e                	sw	a5,20(sp)
 258:	cc22                	sw	s0,24(sp)
 25a:	c802                	sw	zero,16(sp)
 25c:	2995                	jal	6d0 <SPI_Init>
 25e:	4585                	li	a1,1
 260:	40013537          	lui	a0,0x40013
 264:	2979                	jal	702 <SPI_Cmd>
 266:	6105                	addi	sp,sp,32
 268:	b589                	j	aa <__riscv_restore_0>

0000026a <SPI_send_data>:
 26a:	e37ff2ef          	jal	t0,a0 <__riscv_save_0>
 26e:	84aa                	mv	s1,a0
 270:	4601                	li	a2,0
 272:	4589                	li	a1,2
 274:	40011537          	lui	a0,0x40011
 278:	2ea5                	jal	5f0 <GPIO_WriteBit>
 27a:	4461                	li	s0,24
 27c:	4589                	li	a1,2
 27e:	40013537          	lui	a0,0x40013
 282:	2979                	jal	720 <SPI_I2S_GetFlagStatus>
 284:	dd65                	beqz	a0,27c <SPI_send_data+0x12>
 286:	0084d5b3          	srl	a1,s1,s0
 28a:	0ff5f593          	andi	a1,a1,255
 28e:	40013537          	lui	a0,0x40013
 292:	2169                	jal	71c <SPI_I2S_SendData>
 294:	1461                	addi	s0,s0,-8
 296:	57e1                	li	a5,-8
 298:	fef412e3          	bne	s0,a5,27c <SPI_send_data+0x12>
 29c:	08000593          	li	a1,128
 2a0:	40013537          	lui	a0,0x40013
 2a4:	29b5                	jal	720 <SPI_I2S_GetFlagStatus>
 2a6:	4785                	li	a5,1
 2a8:	fef50ae3          	beq	a0,a5,29c <SPI_send_data+0x32>
 2ac:	4605                	li	a2,1
 2ae:	4589                	li	a1,2
 2b0:	40011537          	lui	a0,0x40011
 2b4:	2e35                	jal	5f0 <GPIO_WriteBit>
 2b6:	bbd5                	j	aa <__riscv_restore_0>

000002b8 <main>:
 2b8:	de9ff2ef          	jal	t0,a0 <__riscv_save_0>
 2bc:	4505                	li	a0,1
 2be:	2e35                	jal	5fa <NVIC_PriorityGroupConfig>
 2c0:	2a41                	jal	450 <SystemCoreClockUpdate>
 2c2:	2b99                	jal	818 <Delay_Init>
 2c4:	3f35                	jal	200 <SPI_1_config>
 2c6:	3739                	jal	1d4 <SysTick_Init>
 2c8:	6571                	lui	a0,0x1c
 2ca:	20050513          	addi	a0,a0,512 # 1c200 <_data_lma+0x1b334>
 2ce:	2bbd                	jal	84c <USART_Printf_Init>
 2d0:	200007b7          	lui	a5,0x20000
 2d4:	0107a583          	lw	a1,16(a5) # 20000010 <SystemCoreClock>
 2d8:	00001537          	lui	a0,0x1
 2dc:	ea450513          	addi	a0,a0,-348 # ea4 <printf+0x22>
 2e0:	3a3000ef          	jal	ra,e82 <printf>
 2e4:	2459                	jal	56a <DBGMCU_GetCHIPID>
 2e6:	85aa                	mv	a1,a0
 2e8:	00001537          	lui	a0,0x1
 2ec:	eb450513          	addi	a0,a0,-332 # eb4 <printf+0x32>
 2f0:	393000ef          	jal	ra,e82 <printf>
 2f4:	3d81                	jal	144 <USARTx_CFG>
 2f6:	4481                	li	s1,0
 2f8:	4405                	li	s0,1
 2fa:	200006b7          	lui	a3,0x20000
 2fe:	4639                	li	a2,14
 300:	03868713          	addi	a4,a3,56 # 20000038 <_edata>
 304:	431c                	lw	a5,0(a4)
 306:	8f85                	sub	a5,a5,s1
 308:	fef67ce3          	bgeu	a2,a5,300 <main+0x48>
 30c:	8522                	mv	a0,s0
 30e:	4304                	lw	s1,0(a4)
 310:	0406                	slli	s0,s0,0x1
 312:	3fa1                	jal	26a <SPI_send_data>
 314:	200006b7          	lui	a3,0x20000
 318:	f07d                	bnez	s0,2fe <main+0x46>
 31a:	4405                	li	s0,1
 31c:	b7cd                	j	2fe <main+0x46>

0000031e <SystemInit>:
 31e:	d83ff2ef          	jal	t0,a0 <__riscv_save_0>
 322:	40021437          	lui	s0,0x40021
 326:	401c                	lw	a5,0(s0)
 328:	f8ff0737          	lui	a4,0xf8ff0
 32c:	1161                	addi	sp,sp,-8
 32e:	0017e793          	ori	a5,a5,1
 332:	c01c                	sw	a5,0(s0)
 334:	405c                	lw	a5,4(s0)
 336:	4541                	li	a0,16
 338:	8ff9                	and	a5,a5,a4
 33a:	c05c                	sw	a5,4(s0)
 33c:	401c                	lw	a5,0(s0)
 33e:	fef70737          	lui	a4,0xfef70
 342:	177d                	addi	a4,a4,-1
 344:	8ff9                	and	a5,a5,a4
 346:	c01c                	sw	a5,0(s0)
 348:	401c                	lw	a5,0(s0)
 34a:	fffc0737          	lui	a4,0xfffc0
 34e:	177d                	addi	a4,a4,-1
 350:	8ff9                	and	a5,a5,a4
 352:	c01c                	sw	a5,0(s0)
 354:	405c                	lw	a5,4(s0)
 356:	7741                	lui	a4,0xffff0
 358:	177d                	addi	a4,a4,-1
 35a:	8ff9                	and	a5,a5,a4
 35c:	c05c                	sw	a5,4(s0)
 35e:	009f07b7          	lui	a5,0x9f0
 362:	c41c                	sw	a5,8(s0)
 364:	2445                	jal	604 <RCC_AdjustHSICalibrationValue>
 366:	4c1c                	lw	a5,24(s0)
 368:	00020637          	lui	a2,0x20
 36c:	0207e793          	ori	a5,a5,32
 370:	cc1c                	sw	a5,24(s0)
 372:	400117b7          	lui	a5,0x40011
 376:	4007a703          	lw	a4,1024(a5) # 40011400 <__global_pointer$+0x20010bc8>
 37a:	40078693          	addi	a3,a5,1024
 37e:	f0f77713          	andi	a4,a4,-241
 382:	40e7a023          	sw	a4,1024(a5)
 386:	4007a703          	lw	a4,1024(a5)
 38a:	08076713          	ori	a4,a4,128
 38e:	40e7a023          	sw	a4,1024(a5)
 392:	4789                	li	a5,2
 394:	ca9c                	sw	a5,16(a3)
 396:	c002                	sw	zero,0(sp)
 398:	c202                	sw	zero,4(sp)
 39a:	4c1c                	lw	a5,24(s0)
 39c:	40010737          	lui	a4,0x40010
 3a0:	66a1                	lui	a3,0x8
 3a2:	0017e793          	ori	a5,a5,1
 3a6:	cc1c                	sw	a5,24(s0)
 3a8:	435c                	lw	a5,4(a4)
 3aa:	8fd5                	or	a5,a5,a3
 3ac:	c35c                	sw	a5,4(a4)
 3ae:	401c                	lw	a5,0(s0)
 3b0:	6741                	lui	a4,0x10
 3b2:	400216b7          	lui	a3,0x40021
 3b6:	8fd9                	or	a5,a5,a4
 3b8:	c01c                	sw	a5,0(s0)
 3ba:	6709                	lui	a4,0x2
 3bc:	429c                	lw	a5,0(a3)
 3be:	8ff1                	and	a5,a5,a2
 3c0:	c23e                	sw	a5,4(sp)
 3c2:	4782                	lw	a5,0(sp)
 3c4:	0785                	addi	a5,a5,1
 3c6:	c03e                	sw	a5,0(sp)
 3c8:	4792                	lw	a5,4(sp)
 3ca:	e781                	bnez	a5,3d2 <SystemInit+0xb4>
 3cc:	4782                	lw	a5,0(sp)
 3ce:	fee797e3          	bne	a5,a4,3bc <SystemInit+0x9e>
 3d2:	400217b7          	lui	a5,0x40021
 3d6:	439c                	lw	a5,0(a5)
 3d8:	00e79713          	slli	a4,a5,0xe
 3dc:	06075863          	bgez	a4,44c <SystemInit+0x12e>
 3e0:	4785                	li	a5,1
 3e2:	c23e                	sw	a5,4(sp)
 3e4:	4712                	lw	a4,4(sp)
 3e6:	4785                	li	a5,1
 3e8:	06f71063          	bne	a4,a5,448 <SystemInit+0x12a>
 3ec:	400227b7          	lui	a5,0x40022
 3f0:	4398                	lw	a4,0(a5)
 3f2:	76c1                	lui	a3,0xffff0
 3f4:	16fd                	addi	a3,a3,-1
 3f6:	9b71                	andi	a4,a4,-4
 3f8:	c398                	sw	a4,0(a5)
 3fa:	4398                	lw	a4,0(a5)
 3fc:	00176713          	ori	a4,a4,1
 400:	c398                	sw	a4,0(a5)
 402:	400217b7          	lui	a5,0x40021
 406:	43d8                	lw	a4,4(a5)
 408:	c3d8                	sw	a4,4(a5)
 40a:	43d8                	lw	a4,4(a5)
 40c:	8f75                	and	a4,a4,a3
 40e:	c3d8                	sw	a4,4(a5)
 410:	43d8                	lw	a4,4(a5)
 412:	66c1                	lui	a3,0x10
 414:	8f55                	or	a4,a4,a3
 416:	c3d8                	sw	a4,4(a5)
 418:	4398                	lw	a4,0(a5)
 41a:	010006b7          	lui	a3,0x1000
 41e:	8f55                	or	a4,a4,a3
 420:	c398                	sw	a4,0(a5)
 422:	4398                	lw	a4,0(a5)
 424:	00671693          	slli	a3,a4,0x6
 428:	fe06dde3          	bgez	a3,422 <SystemInit+0x104>
 42c:	43d8                	lw	a4,4(a5)
 42e:	400216b7          	lui	a3,0x40021
 432:	9b71                	andi	a4,a4,-4
 434:	c3d8                	sw	a4,4(a5)
 436:	43d8                	lw	a4,4(a5)
 438:	00276713          	ori	a4,a4,2
 43c:	c3d8                	sw	a4,4(a5)
 43e:	4721                	li	a4,8
 440:	42dc                	lw	a5,4(a3)
 442:	8bb1                	andi	a5,a5,12
 444:	fee79ee3          	bne	a5,a4,440 <SystemInit+0x122>
 448:	0121                	addi	sp,sp,8
 44a:	b185                	j	aa <__riscv_restore_0>
 44c:	c202                	sw	zero,4(sp)
 44e:	bf59                	j	3e4 <SystemInit+0xc6>

00000450 <SystemCoreClockUpdate>:
 450:	c51ff2ef          	jal	t0,a0 <__riscv_save_0>
 454:	40021737          	lui	a4,0x40021
 458:	435c                	lw	a5,4(a4)
 45a:	20000437          	lui	s0,0x20000
 45e:	4691                	li	a3,4
 460:	8bb1                	andi	a5,a5,12
 462:	01040413          	addi	s0,s0,16 # 20000010 <SystemCoreClock>
 466:	00d78563          	beq	a5,a3,470 <SystemCoreClockUpdate+0x20>
 46a:	46a1                	li	a3,8
 46c:	04d78063          	beq	a5,a3,4ac <SystemCoreClockUpdate+0x5c>
 470:	016e37b7          	lui	a5,0x16e3
 474:	60078793          	addi	a5,a5,1536 # 16e3600 <_data_lma+0x16e2734>
 478:	c01c                	sw	a5,0(s0)
 47a:	400216b7          	lui	a3,0x40021
 47e:	42dc                	lw	a5,4(a3)
 480:	4008                	lw	a0,0(s0)
 482:	8391                	srli	a5,a5,0x4
 484:	00f7f713          	andi	a4,a5,15
 488:	200007b7          	lui	a5,0x20000
 48c:	00078793          	mv	a5,a5
 490:	97ba                	add	a5,a5,a4
 492:	238c                	lbu	a1,0(a5)
 494:	42dc                	lw	a5,4(a3)
 496:	0ff5f593          	andi	a1,a1,255
 49a:	0807f793          	andi	a5,a5,128
 49e:	00b55733          	srl	a4,a0,a1
 4a2:	e399                	bnez	a5,4a8 <SystemCoreClockUpdate+0x58>
 4a4:	3921                	jal	bc <__udivsi3>
 4a6:	872a                	mv	a4,a0
 4a8:	c018                	sw	a4,0(s0)
 4aa:	b101                	j	aa <__riscv_restore_0>
 4ac:	435c                	lw	a5,4(a4)
 4ae:	02dc77b7          	lui	a5,0x2dc7
 4b2:	c0078793          	addi	a5,a5,-1024 # 2dc6c00 <_data_lma+0x2dc5d34>
 4b6:	b7c9                	j	478 <SystemCoreClockUpdate+0x28>

000004b8 <ADC1_IRQHandler>:
 4b8:	a001                	j	4b8 <ADC1_IRQHandler>

000004ba <handle_reset>:
 4ba:	20000197          	auipc	gp,0x20000
 4be:	37e18193          	addi	gp,gp,894 # 20000838 <__global_pointer$>
 4c2:	fc818113          	addi	sp,gp,-56 # 20000800 <_eusrstack>
 4c6:	0a000513          	li	a0,160
 4ca:	20000597          	auipc	a1,0x20000
 4ce:	b3658593          	addi	a1,a1,-1226 # 20000000 <_highcode_vma_end>
 4d2:	20000617          	auipc	a2,0x20000
 4d6:	b2e60613          	addi	a2,a2,-1234 # 20000000 <_highcode_vma_end>
 4da:	00c5fa63          	bgeu	a1,a2,4ee <handle_reset+0x34>
 4de:	00052283          	lw	t0,0(a0)
 4e2:	0055a023          	sw	t0,0(a1)
 4e6:	0511                	addi	a0,a0,4
 4e8:	0591                	addi	a1,a1,4
 4ea:	fec5eae3          	bltu	a1,a2,4de <handle_reset+0x24>
 4ee:	00001517          	auipc	a0,0x1
 4f2:	9de50513          	addi	a0,a0,-1570 # ecc <_data_lma>
 4f6:	20000597          	auipc	a1,0x20000
 4fa:	b0a58593          	addi	a1,a1,-1270 # 20000000 <_highcode_vma_end>
 4fe:	20000617          	auipc	a2,0x20000
 502:	b3a60613          	addi	a2,a2,-1222 # 20000038 <_edata>
 506:	00c5fa63          	bgeu	a1,a2,51a <handle_reset+0x60>
 50a:	00052283          	lw	t0,0(a0)
 50e:	0055a023          	sw	t0,0(a1)
 512:	0511                	addi	a0,a0,4
 514:	0591                	addi	a1,a1,4
 516:	fec5eae3          	bltu	a1,a2,50a <handle_reset+0x50>
 51a:	20000517          	auipc	a0,0x20000
 51e:	b1e50513          	addi	a0,a0,-1250 # 20000038 <_edata>
 522:	80c18593          	addi	a1,gp,-2036 # 20000044 <_ebss>
 526:	00b57763          	bgeu	a0,a1,534 <handle_reset+0x7a>
 52a:	00052023          	sw	zero,0(a0)
 52e:	0511                	addi	a0,a0,4
 530:	feb56de3          	bltu	a0,a1,52a <handle_reset+0x70>
 534:	000022b7          	lui	t0,0x2
 538:	88028293          	addi	t0,t0,-1920 # 1880 <_data_lma+0x9b4>
 53c:	30029073          	csrw	mstatus,t0
 540:	428d                	li	t0,3
 542:	80429073          	csrw	0x804,t0
 546:	00000297          	auipc	t0,0x0
 54a:	aba28293          	addi	t0,t0,-1350 # 0 <_sinit>
 54e:	0032e293          	ori	t0,t0,3
 552:	30529073          	csrw	mtvec,t0
 556:	dc9ff0ef          	jal	ra,31e <SystemInit>
 55a:	00000297          	auipc	t0,0x0
 55e:	d5e28293          	addi	t0,t0,-674 # 2b8 <main>
 562:	34129073          	csrw	mepc,t0
 566:	30200073          	mret

0000056a <DBGMCU_GetCHIPID>:
 56a:	1ffff7b7          	lui	a5,0x1ffff
 56e:	7c47a503          	lw	a0,1988(a5) # 1ffff7c4 <_data_lma+0x1fffe8f8>
 572:	8082                	ret

00000574 <GPIO_Init>:
 574:	4594                	lw	a3,8(a1)
 576:	0106f793          	andi	a5,a3,16
 57a:	00f6f293          	andi	t0,a3,15
 57e:	c781                	beqz	a5,586 <GPIO_Init+0x12>
 580:	41dc                	lw	a5,4(a1)
 582:	00f2e2b3          	or	t0,t0,a5
 586:	0005d383          	lhu	t2,0(a1)
 58a:	0ff3f793          	andi	a5,t2,255
 58e:	c3a5                	beqz	a5,5ee <GPIO_Init+0x7a>
 590:	00052303          	lw	t1,0(a0)
 594:	1161                	addi	sp,sp,-8
 596:	c222                	sw	s0,4(sp)
 598:	c026                	sw	s1,0(sp)
 59a:	4781                	li	a5,0
 59c:	02800413          	li	s0,40
 5a0:	04800493          	li	s1,72
 5a4:	4705                	li	a4,1
 5a6:	00f71633          	sll	a2,a4,a5
 5aa:	00c3f733          	and	a4,t2,a2
 5ae:	02e61263          	bne	a2,a4,5d2 <GPIO_Init+0x5e>
 5b2:	00279593          	slli	a1,a5,0x2
 5b6:	473d                	li	a4,15
 5b8:	00b71733          	sll	a4,a4,a1
 5bc:	fff74713          	not	a4,a4
 5c0:	00677333          	and	t1,a4,t1
 5c4:	00b295b3          	sll	a1,t0,a1
 5c8:	0065e333          	or	t1,a1,t1
 5cc:	00869d63          	bne	a3,s0,5e6 <GPIO_Init+0x72>
 5d0:	c950                	sw	a2,20(a0)
 5d2:	0785                	addi	a5,a5,1
 5d4:	4721                	li	a4,8
 5d6:	fce797e3          	bne	a5,a4,5a4 <GPIO_Init+0x30>
 5da:	4412                	lw	s0,4(sp)
 5dc:	00652023          	sw	t1,0(a0)
 5e0:	4482                	lw	s1,0(sp)
 5e2:	0121                	addi	sp,sp,8
 5e4:	8082                	ret
 5e6:	fe9696e3          	bne	a3,s1,5d2 <GPIO_Init+0x5e>
 5ea:	c910                	sw	a2,16(a0)
 5ec:	b7dd                	j	5d2 <GPIO_Init+0x5e>
 5ee:	8082                	ret

000005f0 <GPIO_WriteBit>:
 5f0:	c219                	beqz	a2,5f6 <GPIO_WriteBit+0x6>
 5f2:	c90c                	sw	a1,16(a0)
 5f4:	8082                	ret
 5f6:	c94c                	sw	a1,20(a0)
 5f8:	8082                	ret

000005fa <NVIC_PriorityGroupConfig>:
 5fa:	200007b7          	lui	a5,0x20000
 5fe:	02a7ae23          	sw	a0,60(a5) # 2000003c <NVIC_Priority_Group>
 602:	8082                	ret

00000604 <RCC_AdjustHSICalibrationValue>:
 604:	40021737          	lui	a4,0x40021
 608:	431c                	lw	a5,0(a4)
 60a:	050e                	slli	a0,a0,0x3
 60c:	f077f793          	andi	a5,a5,-249
 610:	8d5d                	or	a0,a0,a5
 612:	c308                	sw	a0,0(a4)
 614:	8082                	ret

00000616 <RCC_GetClocksFreq>:
 616:	a8bff2ef          	jal	t0,a0 <__riscv_save_0>
 61a:	40021737          	lui	a4,0x40021
 61e:	435c                	lw	a5,4(a4)
 620:	4691                	li	a3,4
 622:	842a                	mv	s0,a0
 624:	8bb1                	andi	a5,a5,12
 626:	00d78563          	beq	a5,a3,630 <RCC_GetClocksFreq+0x1a>
 62a:	46a1                	li	a3,8
 62c:	06d78d63          	beq	a5,a3,6a6 <RCC_GetClocksFreq+0x90>
 630:	016e37b7          	lui	a5,0x16e3
 634:	60078793          	addi	a5,a5,1536 # 16e3600 <_data_lma+0x16e2734>
 638:	c01c                	sw	a5,0(s0)
 63a:	400216b7          	lui	a3,0x40021
 63e:	42dc                	lw	a5,4(a3)
 640:	8391                	srli	a5,a5,0x4
 642:	00f7f713          	andi	a4,a5,15
 646:	200007b7          	lui	a5,0x20000
 64a:	02878793          	addi	a5,a5,40 # 20000028 <APBAHBPrescTable>
 64e:	97ba                	add	a5,a5,a4
 650:	238c                	lbu	a1,0(a5)
 652:	42dc                	lw	a5,4(a3)
 654:	4018                	lw	a4,0(s0)
 656:	0ff5f593          	andi	a1,a1,255
 65a:	0807f793          	andi	a5,a5,128
 65e:	00b75533          	srl	a0,a4,a1
 662:	e399                	bnez	a5,668 <RCC_GetClocksFreq+0x52>
 664:	853a                	mv	a0,a4
 666:	3c99                	jal	bc <__udivsi3>
 668:	c048                	sw	a0,4(s0)
 66a:	c408                	sw	a0,8(s0)
 66c:	c448                	sw	a0,12(s0)
 66e:	400217b7          	lui	a5,0x40021
 672:	43dc                	lw	a5,4(a5)
 674:	468d                	li	a3,3
 676:	83ad                	srli	a5,a5,0xb
 678:	8bfd                	andi	a5,a5,31
 67a:	0037d713          	srli	a4,a5,0x3
 67e:	078a                	slli	a5,a5,0x2
 680:	8bf1                	andi	a5,a5,28
 682:	8fd9                	or	a5,a5,a4
 684:	0137f613          	andi	a2,a5,19
 688:	0037f713          	andi	a4,a5,3
 68c:	00c6f463          	bgeu	a3,a2,694 <RCC_GetClocksFreq+0x7e>
 690:	ff478713          	addi	a4,a5,-12 # 40020ff4 <__global_pointer$+0x200207bc>
 694:	200007b7          	lui	a5,0x20000
 698:	01478793          	addi	a5,a5,20 # 20000014 <ADCPrescTable>
 69c:	97ba                	add	a5,a5,a4
 69e:	238c                	lbu	a1,0(a5)
 6a0:	3c31                	jal	bc <__udivsi3>
 6a2:	c808                	sw	a0,16(s0)
 6a4:	b419                	j	aa <__riscv_restore_0>
 6a6:	435c                	lw	a5,4(a4)
 6a8:	02dc77b7          	lui	a5,0x2dc7
 6ac:	c0078793          	addi	a5,a5,-1024 # 2dc6c00 <_data_lma+0x2dc5d34>
 6b0:	b761                	j	638 <RCC_GetClocksFreq+0x22>

000006b2 <RCC_APB2PeriphClockCmd>:
 6b2:	c599                	beqz	a1,6c0 <RCC_APB2PeriphClockCmd+0xe>
 6b4:	40021737          	lui	a4,0x40021
 6b8:	4f1c                	lw	a5,24(a4)
 6ba:	8d5d                	or	a0,a0,a5
 6bc:	cf08                	sw	a0,24(a4)
 6be:	8082                	ret
 6c0:	400217b7          	lui	a5,0x40021
 6c4:	4f98                	lw	a4,24(a5)
 6c6:	fff54513          	not	a0,a0
 6ca:	8d79                	and	a0,a0,a4
 6cc:	cf88                	sw	a0,24(a5)
 6ce:	8082                	ret

000006d0 <SPI_Init>:
 6d0:	211a                	lhu	a4,0(a0)
 6d2:	678d                	lui	a5,0x3
 6d4:	04078793          	addi	a5,a5,64 # 3040 <_data_lma+0x2174>
 6d8:	21b6                	lhu	a3,2(a1)
 6da:	8f7d                	and	a4,a4,a5
 6dc:	219e                	lhu	a5,0(a1)
 6de:	8fd5                	or	a5,a5,a3
 6e0:	21d6                	lhu	a3,4(a1)
 6e2:	8fd5                	or	a5,a5,a3
 6e4:	21f6                	lhu	a3,6(a1)
 6e6:	8fd5                	or	a5,a5,a3
 6e8:	2596                	lhu	a3,8(a1)
 6ea:	8fd5                	or	a5,a5,a3
 6ec:	25b6                	lhu	a3,10(a1)
 6ee:	8fd5                	or	a5,a5,a3
 6f0:	25d6                	lhu	a3,12(a1)
 6f2:	8fd5                	or	a5,a5,a3
 6f4:	25f6                	lhu	a3,14(a1)
 6f6:	8fd5                	or	a5,a5,a3
 6f8:	8fd9                	or	a5,a5,a4
 6fa:	a11e                	sh	a5,0(a0)
 6fc:	299e                	lhu	a5,16(a1)
 6fe:	a91e                	sh	a5,16(a0)
 700:	8082                	ret

00000702 <SPI_Cmd>:
 702:	211e                	lhu	a5,0(a0)
 704:	c589                	beqz	a1,70e <SPI_Cmd+0xc>
 706:	0407e793          	ori	a5,a5,64
 70a:	a11e                	sh	a5,0(a0)
 70c:	8082                	ret
 70e:	07c2                	slli	a5,a5,0x10
 710:	83c1                	srli	a5,a5,0x10
 712:	fbf7f793          	andi	a5,a5,-65
 716:	07c2                	slli	a5,a5,0x10
 718:	83c1                	srli	a5,a5,0x10
 71a:	bfc5                	j	70a <SPI_Cmd+0x8>

0000071c <SPI_I2S_SendData>:
 71c:	a54e                	sh	a1,12(a0)
 71e:	8082                	ret

00000720 <SPI_I2S_GetFlagStatus>:
 720:	250a                	lhu	a0,8(a0)
 722:	8d6d                	and	a0,a0,a1
 724:	00a03533          	snez	a0,a0
 728:	8082                	ret

0000072a <USART_Init>:
 72a:	977ff2ef          	jal	t0,a0 <__riscv_save_0>
 72e:	2916                	lhu	a3,16(a0)
 730:	77f5                	lui	a5,0xffffd
 732:	17fd                	addi	a5,a5,-1
 734:	8ff5                	and	a5,a5,a3
 736:	21f6                	lhu	a3,6(a1)
 738:	25da                	lhu	a4,12(a1)
 73a:	1121                	addi	sp,sp,-24
 73c:	8fd5                	or	a5,a5,a3
 73e:	a91e                	sh	a5,16(a0)
 740:	2556                	lhu	a3,12(a0)
 742:	77fd                	lui	a5,0xfffff
 744:	9f378793          	addi	a5,a5,-1549 # ffffe9f3 <__global_pointer$+0xdfffe1bb>
 748:	8ff5                	and	a5,a5,a3
 74a:	21d6                	lhu	a3,4(a1)
 74c:	842a                	mv	s0,a0
 74e:	c02e                	sw	a1,0(sp)
 750:	8fd5                	or	a5,a5,a3
 752:	2596                	lhu	a3,8(a1)
 754:	8fd5                	or	a5,a5,a3
 756:	25b6                	lhu	a3,10(a1)
 758:	8fd5                	or	a5,a5,a3
 75a:	a55e                	sh	a5,12(a0)
 75c:	295e                	lhu	a5,20(a0)
 75e:	07c2                	slli	a5,a5,0x10
 760:	83c1                	srli	a5,a5,0x10
 762:	cff7f793          	andi	a5,a5,-769
 766:	8f5d                	or	a4,a4,a5
 768:	a95a                	sh	a4,20(a0)
 76a:	0048                	addi	a0,sp,4
 76c:	356d                	jal	616 <RCC_GetClocksFreq>
 76e:	400147b7          	lui	a5,0x40014
 772:	80078793          	addi	a5,a5,-2048 # 40013800 <__global_pointer$+0x20012fc8>
 776:	4582                	lw	a1,0(sp)
 778:	04f41f63          	bne	s0,a5,7d6 <USART_Init+0xac>
 77c:	47c2                	lw	a5,16(sp)
 77e:	245a                	lhu	a4,12(s0)
 780:	00179513          	slli	a0,a5,0x1
 784:	953e                	add	a0,a0,a5
 786:	0742                	slli	a4,a4,0x10
 788:	050e                	slli	a0,a0,0x3
 78a:	8741                	srai	a4,a4,0x10
 78c:	953e                	add	a0,a0,a5
 78e:	418c                	lw	a1,0(a1)
 790:	04075563          	bgez	a4,7da <USART_Init+0xb0>
 794:	0586                	slli	a1,a1,0x1
 796:	321d                	jal	bc <__udivsi3>
 798:	06400593          	li	a1,100
 79c:	c02a                	sw	a0,0(sp)
 79e:	3a39                	jal	bc <__udivsi3>
 7a0:	4782                	lw	a5,0(sp)
 7a2:	00451493          	slli	s1,a0,0x4
 7a6:	06400593          	li	a1,100
 7aa:	853e                	mv	a0,a5
 7ac:	3a35                	jal	e8 <__umodsi3>
 7ae:	245e                	lhu	a5,12(s0)
 7b0:	07c2                	slli	a5,a5,0x10
 7b2:	87c1                	srai	a5,a5,0x10
 7b4:	0207d563          	bgez	a5,7de <USART_Init+0xb4>
 7b8:	050e                	slli	a0,a0,0x3
 7ba:	06400593          	li	a1,100
 7be:	03250513          	addi	a0,a0,50
 7c2:	8fbff0ef          	jal	ra,bc <__udivsi3>
 7c6:	891d                	andi	a0,a0,7
 7c8:	8cc9                	or	s1,s1,a0
 7ca:	04c2                	slli	s1,s1,0x10
 7cc:	80c1                	srli	s1,s1,0x10
 7ce:	a406                	sh	s1,8(s0)
 7d0:	0161                	addi	sp,sp,24
 7d2:	8d9ff06f          	j	aa <__riscv_restore_0>
 7d6:	47b2                	lw	a5,12(sp)
 7d8:	b75d                	j	77e <USART_Init+0x54>
 7da:	058a                	slli	a1,a1,0x2
 7dc:	bf6d                	j	796 <USART_Init+0x6c>
 7de:	0512                	slli	a0,a0,0x4
 7e0:	06400593          	li	a1,100
 7e4:	03250513          	addi	a0,a0,50
 7e8:	8d5ff0ef          	jal	ra,bc <__udivsi3>
 7ec:	893d                	andi	a0,a0,15
 7ee:	bfe9                	j	7c8 <USART_Init+0x9e>

000007f0 <USART_Cmd>:
 7f0:	c591                	beqz	a1,7fc <USART_Cmd+0xc>
 7f2:	255e                	lhu	a5,12(a0)
 7f4:	6709                	lui	a4,0x2
 7f6:	8fd9                	or	a5,a5,a4
 7f8:	a55e                	sh	a5,12(a0)
 7fa:	8082                	ret
 7fc:	255a                	lhu	a4,12(a0)
 7fe:	77f9                	lui	a5,0xffffe
 800:	17fd                	addi	a5,a5,-1
 802:	8ff9                	and	a5,a5,a4
 804:	bfd5                	j	7f8 <USART_Cmd+0x8>

00000806 <USART_SendData>:
 806:	1ff5f593          	andi	a1,a1,511
 80a:	a14e                	sh	a1,4(a0)
 80c:	8082                	ret

0000080e <USART_GetFlagStatus>:
 80e:	210a                	lhu	a0,0(a0)
 810:	8d6d                	and	a0,a0,a1
 812:	00a03533          	snez	a0,a0
 816:	8082                	ret

00000818 <Delay_Init>:
 818:	889ff2ef          	jal	t0,a0 <__riscv_save_0>
 81c:	200007b7          	lui	a5,0x20000
 820:	0107a503          	lw	a0,16(a5) # 20000010 <SystemCoreClock>
 824:	007a15b7          	lui	a1,0x7a1
 828:	20058593          	addi	a1,a1,512 # 7a1200 <_data_lma+0x7a0334>
 82c:	891ff0ef          	jal	ra,bc <__udivsi3>
 830:	0ff57513          	andi	a0,a0,255
 834:	80a18523          	sb	a0,-2038(gp) # 20000042 <p_us>
 838:	00551793          	slli	a5,a0,0x5
 83c:	8f89                	sub	a5,a5,a0
 83e:	078a                	slli	a5,a5,0x2
 840:	953e                	add	a0,a0,a5
 842:	050e                	slli	a0,a0,0x3
 844:	80a19423          	sh	a0,-2040(gp) # 20000040 <p_ms>
 848:	863ff06f          	j	aa <__riscv_restore_0>

0000084c <USART_Printf_Init>:
 84c:	855ff2ef          	jal	t0,a0 <__riscv_save_0>
 850:	842a                	mv	s0,a0
 852:	6511                	lui	a0,0x4
 854:	1111                	addi	sp,sp,-28
 856:	4585                	li	a1,1
 858:	02050513          	addi	a0,a0,32 # 4020 <_data_lma+0x3154>
 85c:	3d99                	jal	6b2 <RCC_APB2PeriphClockCmd>
 85e:	02000793          	li	a5,32
 862:	807c                	sh	a5,0(sp)
 864:	40011537          	lui	a0,0x40011
 868:	478d                	li	a5,3
 86a:	c23e                	sw	a5,4(sp)
 86c:	858a                	mv	a1,sp
 86e:	47e1                	li	a5,24
 870:	40050513          	addi	a0,a0,1024 # 40011400 <__global_pointer$+0x20010bc8>
 874:	c43e                	sw	a5,8(sp)
 876:	39fd                	jal	574 <GPIO_Init>
 878:	c622                	sw	s0,12(sp)
 87a:	40014437          	lui	s0,0x40014
 87e:	000807b7          	lui	a5,0x80
 882:	006c                	addi	a1,sp,12
 884:	80040513          	addi	a0,s0,-2048 # 40013800 <__global_pointer$+0x20012fc8>
 888:	ca3e                	sw	a5,20(sp)
 88a:	c802                	sw	zero,16(sp)
 88c:	00011c23          	sh	zero,24(sp)
 890:	3d69                	jal	72a <USART_Init>
 892:	4585                	li	a1,1
 894:	80040513          	addi	a0,s0,-2048
 898:	3fa1                	jal	7f0 <USART_Cmd>
 89a:	0171                	addi	sp,sp,28
 89c:	80fff06f          	j	aa <__riscv_restore_0>

000008a0 <_write>:
 8a0:	801ff2ef          	jal	t0,a0 <__riscv_save_0>
 8a4:	1171                	addi	sp,sp,-4
 8a6:	84ae                	mv	s1,a1
 8a8:	4401                	li	s0,0
 8aa:	02c45d63          	bge	s0,a2,8e4 <_write+0x44>
 8ae:	400147b7          	lui	a5,0x40014
 8b2:	80078713          	addi	a4,a5,-2048 # 40013800 <__global_pointer$+0x20012fc8>
 8b6:	853a                	mv	a0,a4
 8b8:	04000593          	li	a1,64
 8bc:	c032                	sw	a2,0(sp)
 8be:	3f81                	jal	80e <USART_GetFlagStatus>
 8c0:	400147b7          	lui	a5,0x40014
 8c4:	80078713          	addi	a4,a5,-2048 # 40013800 <__global_pointer$+0x20012fc8>
 8c8:	4602                	lw	a2,0(sp)
 8ca:	d575                	beqz	a0,8b6 <_write+0x16>
 8cc:	00848733          	add	a4,s1,s0
 8d0:	00070583          	lb	a1,0(a4) # 2000 <_data_lma+0x1134>
 8d4:	80078513          	addi	a0,a5,-2048
 8d8:	0405                	addi	s0,s0,1
 8da:	05c2                	slli	a1,a1,0x10
 8dc:	81c1                	srli	a1,a1,0x10
 8de:	3725                	jal	806 <USART_SendData>
 8e0:	4602                	lw	a2,0(sp)
 8e2:	b7e1                	j	8aa <_write+0xa>
 8e4:	8532                	mv	a0,a2
 8e6:	0111                	addi	sp,sp,4
 8e8:	fc2ff06f          	j	aa <__riscv_restore_0>

000008ec <printchar>:
 8ec:	1141                	addi	sp,sp,-16
 8ee:	c606                	sw	ra,12(sp)
 8f0:	c02e                	sw	a1,0(sp)
 8f2:	cd0d                	beqz	a0,92c <printchar+0x40>
 8f4:	4118                	lw	a4,0(a0)
 8f6:	87aa                	mv	a5,a0
 8f8:	c305                	beqz	a4,918 <printchar+0x2c>
 8fa:	4158                	lw	a4,4(a0)
 8fc:	557d                	li	a0,-1
 8fe:	cb11                	beqz	a4,912 <printchar+0x26>
 900:	4685                	li	a3,1
 902:	00d71b63          	bne	a4,a3,918 <printchar+0x2c>
 906:	4798                	lw	a4,8(a5)
 908:	00070023          	sb	zero,0(a4)
 90c:	0007a223          	sw	zero,4(a5)
 910:	4505                	li	a0,1
 912:	40b2                	lw	ra,12(sp)
 914:	0141                	addi	sp,sp,16
 916:	8082                	ret
 918:	4798                	lw	a4,8(a5)
 91a:	4682                	lw	a3,0(sp)
 91c:	a314                	sb	a3,0(a4)
 91e:	4798                	lw	a4,8(a5)
 920:	0705                	addi	a4,a4,1
 922:	c798                	sw	a4,8(a5)
 924:	43d8                	lw	a4,4(a5)
 926:	177d                	addi	a4,a4,-1
 928:	c3d8                	sw	a4,4(a5)
 92a:	b7dd                	j	910 <printchar+0x24>
 92c:	4605                	li	a2,1
 92e:	858a                	mv	a1,sp
 930:	3f85                	jal	8a0 <_write>
 932:	bff9                	j	910 <printchar+0x24>

00000934 <prints>:
 934:	1101                	addi	sp,sp,-32
 936:	cc22                	sw	s0,24(sp)
 938:	c22e                	sw	a1,4(sp)
 93a:	ce06                	sw	ra,28(sp)
 93c:	ca26                	sw	s1,20(sp)
 93e:	842a                	mv	s0,a0
 940:	4781                	li	a5,0
 942:	02000593          	li	a1,32
 946:	02064563          	bltz	a2,970 <prints+0x3c>
 94a:	4592                	lw	a1,4(sp)
 94c:	95be                	add	a1,a1,a5
 94e:	00058583          	lb	a1,0(a1)
 952:	e58d                	bnez	a1,97c <prints+0x48>
 954:	02c7d863          	bge	a5,a2,984 <prints+0x50>
 958:	02e7d463          	bge	a5,a4,980 <prints+0x4c>
 95c:	8e19                	sub	a2,a2,a4
 95e:	02000513          	li	a0,32
 962:	0026f593          	andi	a1,a3,2
 966:	c02a                	sw	a0,0(sp)
 968:	c589                	beqz	a1,972 <prints+0x3e>
 96a:	e701                	bnez	a4,972 <prints+0x3e>
 96c:	03000593          	li	a1,48
 970:	c02e                	sw	a1,0(sp)
 972:	8a85                	andi	a3,a3,1
 974:	4481                	li	s1,0
 976:	ea95                	bnez	a3,9aa <prints+0x76>
 978:	84b2                	mv	s1,a2
 97a:	a00d                	j	99c <prints+0x68>
 97c:	0785                	addi	a5,a5,1
 97e:	b7f1                	j	94a <prints+0x16>
 980:	8e1d                	sub	a2,a2,a5
 982:	bff1                	j	95e <prints+0x2a>
 984:	4601                	li	a2,0
 986:	bfe1                	j	95e <prints+0x2a>
 988:	4582                	lw	a1,0(sp)
 98a:	8522                	mv	a0,s0
 98c:	c83a                	sw	a4,16(sp)
 98e:	c632                	sw	a2,12(sp)
 990:	c43e                	sw	a5,8(sp)
 992:	3fa9                	jal	8ec <printchar>
 994:	47a2                	lw	a5,8(sp)
 996:	4632                	lw	a2,12(sp)
 998:	4742                	lw	a4,16(sp)
 99a:	14fd                	addi	s1,s1,-1
 99c:	fe9046e3          	bgtz	s1,988 <prints+0x54>
 9a0:	84b2                	mv	s1,a2
 9a2:	00065363          	bgez	a2,9a8 <prints+0x74>
 9a6:	4481                	li	s1,0
 9a8:	8e05                	sub	a2,a2,s1
 9aa:	02e7c763          	blt	a5,a4,9d8 <prints+0xa4>
 9ae:	87a6                	mv	a5,s1
 9b0:	4692                	lw	a3,4(sp)
 9b2:	40978733          	sub	a4,a5,s1
 9b6:	9736                	add	a4,a4,a3
 9b8:	00070583          	lb	a1,0(a4)
 9bc:	ed95                	bnez	a1,9f8 <prints+0xc4>
 9be:	84b2                	mv	s1,a2
 9c0:	04904463          	bgtz	s1,a08 <prints+0xd4>
 9c4:	00065363          	bgez	a2,9ca <prints+0x96>
 9c8:	4601                	li	a2,0
 9ca:	40f2                	lw	ra,28(sp)
 9cc:	4462                	lw	s0,24(sp)
 9ce:	44d2                	lw	s1,20(sp)
 9d0:	00f60533          	add	a0,a2,a5
 9d4:	6105                	addi	sp,sp,32
 9d6:	8082                	ret
 9d8:	8f1d                	sub	a4,a4,a5
 9da:	87ba                	mv	a5,a4
 9dc:	03000593          	li	a1,48
 9e0:	8522                	mv	a0,s0
 9e2:	c832                	sw	a2,16(sp)
 9e4:	c63e                	sw	a5,12(sp)
 9e6:	c43a                	sw	a4,8(sp)
 9e8:	3711                	jal	8ec <printchar>
 9ea:	47b2                	lw	a5,12(sp)
 9ec:	4722                	lw	a4,8(sp)
 9ee:	4642                	lw	a2,16(sp)
 9f0:	17fd                	addi	a5,a5,-1
 9f2:	f7ed                	bnez	a5,9dc <prints+0xa8>
 9f4:	94ba                	add	s1,s1,a4
 9f6:	bf65                	j	9ae <prints+0x7a>
 9f8:	8522                	mv	a0,s0
 9fa:	c632                	sw	a2,12(sp)
 9fc:	c43e                	sw	a5,8(sp)
 9fe:	35fd                	jal	8ec <printchar>
 a00:	47a2                	lw	a5,8(sp)
 a02:	4632                	lw	a2,12(sp)
 a04:	0785                	addi	a5,a5,1
 a06:	b76d                	j	9b0 <prints+0x7c>
 a08:	4582                	lw	a1,0(sp)
 a0a:	8522                	mv	a0,s0
 a0c:	c432                	sw	a2,8(sp)
 a0e:	c23e                	sw	a5,4(sp)
 a10:	3df1                	jal	8ec <printchar>
 a12:	14fd                	addi	s1,s1,-1
 a14:	4622                	lw	a2,8(sp)
 a16:	4792                	lw	a5,4(sp)
 a18:	b765                	j	9c0 <prints+0x8c>

00000a1a <printInt>:
 a1a:	7139                	addi	sp,sp,-64
 a1c:	de06                	sw	ra,60(sp)
 a1e:	dc22                	sw	s0,56(sp)
 a20:	da26                	sw	s1,52(sp)
 a22:	c23e                	sw	a5,4(sp)
 a24:	8332                	mv	t1,a2
 a26:	863a                	mv	a2,a4
 a28:	ed89                	bnez	a1,a42 <printInt+0x28>
 a2a:	4692                	lw	a3,4(sp)
 a2c:	03000793          	li	a5,48
 a30:	4701                	li	a4,0
 a32:	086c                	addi	a1,sp,28
 a34:	86fc                	sh	a5,28(sp)
 a36:	3dfd                	jal	934 <prints>
 a38:	50f2                	lw	ra,60(sp)
 a3a:	5462                	lw	s0,56(sp)
 a3c:	54d2                	lw	s1,52(sp)
 a3e:	6121                	addi	sp,sp,64
 a40:	8082                	ret
 a42:	84aa                	mv	s1,a0
 a44:	8436                	mv	s0,a3
 a46:	87ae                	mv	a5,a1
 a48:	ca91                	beqz	a3,a5c <printInt+0x42>
 a4a:	4729                	li	a4,10
 a4c:	4401                	li	s0,0
 a4e:	00e31763          	bne	t1,a4,a5c <printInt+0x42>
 a52:	0005d563          	bgez	a1,a5c <printInt+0x42>
 a56:	40b007b3          	neg	a5,a1
 a5a:	4405                	li	s0,1
 a5c:	4686                	lw	a3,64(sp)
 a5e:	020109a3          	sb	zero,51(sp)
 a62:	03310713          	addi	a4,sp,51
 a66:	fc668693          	addi	a3,a3,-58 # 40020fc6 <__global_pointer$+0x2002078e>
 a6a:	c436                	sw	a3,8(sp)
 a6c:	859a                	mv	a1,t1
 a6e:	853e                	mv	a0,a5
 a70:	ca32                	sw	a2,20(sp)
 a72:	c83a                	sw	a4,16(sp)
 a74:	c61a                	sw	t1,12(sp)
 a76:	c03e                	sw	a5,0(sp)
 a78:	e70ff0ef          	jal	ra,e8 <__umodsi3>
 a7c:	46a5                	li	a3,9
 a7e:	4782                	lw	a5,0(sp)
 a80:	4332                	lw	t1,12(sp)
 a82:	4742                	lw	a4,16(sp)
 a84:	4652                	lw	a2,20(sp)
 a86:	00a6d463          	bge	a3,a0,a8e <printInt+0x74>
 a8a:	46a2                	lw	a3,8(sp)
 a8c:	9536                	add	a0,a0,a3
 a8e:	03050513          	addi	a0,a0,48
 a92:	fff70693          	addi	a3,a4,-1
 a96:	fea70fa3          	sb	a0,-1(a4)
 a9a:	859a                	mv	a1,t1
 a9c:	853e                	mv	a0,a5
 a9e:	cc32                	sw	a2,24(sp)
 aa0:	ca3a                	sw	a4,20(sp)
 aa2:	c81a                	sw	t1,16(sp)
 aa4:	c63e                	sw	a5,12(sp)
 aa6:	c036                	sw	a3,0(sp)
 aa8:	e14ff0ef          	jal	ra,bc <__udivsi3>
 aac:	47b2                	lw	a5,12(sp)
 aae:	4342                	lw	t1,16(sp)
 ab0:	4752                	lw	a4,20(sp)
 ab2:	4662                	lw	a2,24(sp)
 ab4:	0467f963          	bgeu	a5,t1,b06 <printInt+0xec>
 ab8:	cc01                	beqz	s0,ad0 <printInt+0xb6>
 aba:	ca29                	beqz	a2,b0c <printInt+0xf2>
 abc:	4792                	lw	a5,4(sp)
 abe:	8b89                	andi	a5,a5,2
 ac0:	c7b1                	beqz	a5,b0c <printInt+0xf2>
 ac2:	02d00593          	li	a1,45
 ac6:	8526                	mv	a0,s1
 ac8:	c432                	sw	a2,8(sp)
 aca:	350d                	jal	8ec <printchar>
 acc:	4622                	lw	a2,8(sp)
 ace:	167d                	addi	a2,a2,-1
 ad0:	4792                	lw	a5,4(sp)
 ad2:	8b91                	andi	a5,a5,4
 ad4:	c395                	beqz	a5,af8 <printInt+0xde>
 ad6:	4706                	lw	a4,64(sp)
 ad8:	06100793          	li	a5,97
 adc:	c432                	sw	a2,8(sp)
 ade:	03000593          	li	a1,48
 ae2:	8526                	mv	a0,s1
 ae4:	02f71e63          	bne	a4,a5,b20 <printInt+0x106>
 ae8:	3511                	jal	8ec <printchar>
 aea:	07800593          	li	a1,120
 aee:	8526                	mv	a0,s1
 af0:	3bf5                	jal	8ec <printchar>
 af2:	4622                	lw	a2,8(sp)
 af4:	0409                	addi	s0,s0,2
 af6:	1679                	addi	a2,a2,-2
 af8:	4716                	lw	a4,68(sp)
 afa:	4692                	lw	a3,4(sp)
 afc:	4582                	lw	a1,0(sp)
 afe:	8526                	mv	a0,s1
 b00:	3d15                	jal	934 <prints>
 b02:	9522                	add	a0,a0,s0
 b04:	bf15                	j	a38 <printInt+0x1e>
 b06:	87aa                	mv	a5,a0
 b08:	4702                	lw	a4,0(sp)
 b0a:	b78d                	j	a6c <printInt+0x52>
 b0c:	4682                	lw	a3,0(sp)
 b0e:	02d00793          	li	a5,45
 b12:	4401                	li	s0,0
 b14:	fef68fa3          	sb	a5,-1(a3)
 b18:	ffe70793          	addi	a5,a4,-2
 b1c:	c03e                	sw	a5,0(sp)
 b1e:	bf4d                	j	ad0 <printInt+0xb6>
 b20:	33f1                	jal	8ec <printchar>
 b22:	05800593          	li	a1,88
 b26:	b7e1                	j	aee <printInt+0xd4>

00000b28 <printLongLongInt>:
 b28:	4501                	li	a0,0
 b2a:	8082                	ret

00000b2c <printDouble>:
 b2c:	4501                	li	a0,0
 b2e:	8082                	ret

00000b30 <print>:
 b30:	fd810113          	addi	sp,sp,-40
 b34:	d022                	sw	s0,32(sp)
 b36:	ce26                	sw	s1,28(sp)
 b38:	d206                	sw	ra,36(sp)
 b3a:	c42a                	sw	a0,8(sp)
 b3c:	82ae                	mv	t0,a1
 b3e:	8432                	mv	s0,a2
 b40:	c602                	sw	zero,12(sp)
 b42:	4481                	li	s1,0
 b44:	00028583          	lb	a1,0(t0)
 b48:	ed89                	bnez	a1,b62 <print+0x32>
 b4a:	47a2                	lw	a5,8(sp)
 b4c:	c781                	beqz	a5,b54 <print+0x24>
 b4e:	4581                	li	a1,0
 b50:	853e                	mv	a0,a5
 b52:	3b69                	jal	8ec <printchar>
 b54:	5092                	lw	ra,36(sp)
 b56:	5402                	lw	s0,32(sp)
 b58:	8526                	mv	a0,s1
 b5a:	44f2                	lw	s1,28(sp)
 b5c:	02810113          	addi	sp,sp,40
 b60:	8082                	ret
 b62:	02500793          	li	a5,37
 b66:	00f58863          	beq	a1,a5,b76 <print+0x46>
 b6a:	4522                	lw	a0,8(sp)
 b6c:	c816                	sw	t0,16(sp)
 b6e:	0485                	addi	s1,s1,1
 b70:	3bb5                	jal	8ec <printchar>
 b72:	42c2                	lw	t0,16(sp)
 b74:	a839                	j	b92 <print+0x62>
 b76:	00128783          	lb	a5,1(t0)
 b7a:	00128713          	addi	a4,t0,1
 b7e:	00b79c63          	bne	a5,a1,b96 <print+0x66>
 b82:	4522                	lw	a0,8(sp)
 b84:	02500593          	li	a1,37
 b88:	c83a                	sw	a4,16(sp)
 b8a:	338d                	jal	8ec <printchar>
 b8c:	4742                	lw	a4,16(sp)
 b8e:	0485                	addi	s1,s1,1
 b90:	82ba                	mv	t0,a4
 b92:	0285                	addi	t0,t0,1
 b94:	bf45                	j	b44 <print+0x14>
 b96:	dbd5                	beqz	a5,b4a <print+0x1a>
 b98:	02b00693          	li	a3,43
 b9c:	04d78963          	beq	a5,a3,bee <print+0xbe>
 ba0:	00f6c863          	blt	a3,a5,bb0 <print+0x80>
 ba4:	02300693          	li	a3,35
 ba8:	04d78663          	beq	a5,a3,bf4 <print+0xc4>
 bac:	4781                	li	a5,0
 bae:	a005                	j	bce <print+0x9e>
 bb0:	02d00693          	li	a3,45
 bb4:	00d78a63          	beq	a5,a3,bc8 <print+0x98>
 bb8:	03000693          	li	a3,48
 bbc:	fed798e3          	bne	a5,a3,bac <print+0x7c>
 bc0:	00228713          	addi	a4,t0,2
 bc4:	4789                	li	a5,2
 bc6:	a021                	j	bce <print+0x9e>
 bc8:	00228713          	addi	a4,t0,2
 bcc:	4785                	li	a5,1
 bce:	00070683          	lb	a3,0(a4)
 bd2:	02b00613          	li	a2,43
 bd6:	04c68363          	beq	a3,a2,c1c <print+0xec>
 bda:	02d64163          	blt	a2,a3,bfc <print+0xcc>
 bde:	02300613          	li	a2,35
 be2:	02c68b63          	beq	a3,a2,c18 <print+0xe8>
 be6:	82ba                	mv	t0,a4
 be8:	4501                	li	a0,0
 bea:	46a5                	li	a3,9
 bec:	a081                	j	c2c <print+0xfc>
 bee:	00228713          	addi	a4,t0,2
 bf2:	bf6d                	j	bac <print+0x7c>
 bf4:	00228713          	addi	a4,t0,2
 bf8:	4791                	li	a5,4
 bfa:	bfd1                	j	bce <print+0x9e>
 bfc:	02d00613          	li	a2,45
 c00:	00c68963          	beq	a3,a2,c12 <print+0xe2>
 c04:	03000613          	li	a2,48
 c08:	fcc69fe3          	bne	a3,a2,be6 <print+0xb6>
 c0c:	0027e793          	ori	a5,a5,2
 c10:	a031                	j	c1c <print+0xec>
 c12:	0705                	addi	a4,a4,1
 c14:	4785                	li	a5,1
 c16:	bfc1                	j	be6 <print+0xb6>
 c18:	0047e793          	ori	a5,a5,4
 c1c:	0705                	addi	a4,a4,1
 c1e:	b7e1                	j	be6 <print+0xb6>
 c20:	00251613          	slli	a2,a0,0x2
 c24:	9532                	add	a0,a0,a2
 c26:	0506                	slli	a0,a0,0x1
 c28:	953a                	add	a0,a0,a4
 c2a:	0285                	addi	t0,t0,1
 c2c:	00028603          	lb	a2,0(t0)
 c30:	fd060713          	addi	a4,a2,-48
 c34:	0ff77593          	andi	a1,a4,255
 c38:	feb6f4e3          	bgeu	a3,a1,c20 <print+0xf0>
 c3c:	02e00713          	li	a4,46
 c40:	4699                	li	a3,6
 c42:	00e61e63          	bne	a2,a4,c5e <print+0x12e>
 c46:	0285                	addi	t0,t0,1
 c48:	4681                	li	a3,0
 c4a:	45a5                	li	a1,9
 c4c:	00028603          	lb	a2,0(t0)
 c50:	fd060613          	addi	a2,a2,-48
 c54:	0ff67713          	andi	a4,a2,255
 c58:	02e5f563          	bgeu	a1,a4,c82 <print+0x152>
 c5c:	c636                	sw	a3,12(sp)
 c5e:	00028703          	lb	a4,0(t0)
 c62:	06a00613          	li	a2,106
 c66:	0ac70d63          	beq	a4,a2,d20 <print+0x1f0>
 c6a:	02e64363          	blt	a2,a4,c90 <print+0x160>
 c6e:	04c00613          	li	a2,76
 c72:	0ac70763          	beq	a4,a2,d20 <print+0x1f0>
 c76:	06800613          	li	a2,104
 c7a:	08c70c63          	beq	a4,a2,d12 <print+0x1e2>
 c7e:	4581                	li	a1,0
 c80:	a82d                	j	cba <print+0x18a>
 c82:	00269713          	slli	a4,a3,0x2
 c86:	96ba                	add	a3,a3,a4
 c88:	0686                	slli	a3,a3,0x1
 c8a:	96b2                	add	a3,a3,a2
 c8c:	0285                	addi	t0,t0,1
 c8e:	bf7d                	j	c4c <print+0x11c>
 c90:	07400613          	li	a2,116
 c94:	08c70663          	beq	a4,a2,d20 <print+0x1f0>
 c98:	07a00613          	li	a2,122
 c9c:	08c70263          	beq	a4,a2,d20 <print+0x1f0>
 ca0:	06c00613          	li	a2,108
 ca4:	4581                	li	a1,0
 ca6:	00c71a63          	bne	a4,a2,cba <print+0x18a>
 caa:	00128603          	lb	a2,1(t0)
 cae:	458d                	li	a1,3
 cb0:	00e61463          	bne	a2,a4,cb8 <print+0x188>
 cb4:	0285                	addi	t0,t0,1
 cb6:	4591                	li	a1,4
 cb8:	0285                	addi	t0,t0,1
 cba:	00028603          	lb	a2,0(t0)
 cbe:	06000393          	li	t2,96
 cc2:	06100713          	li	a4,97
 cc6:	00c3c463          	blt	t2,a2,cce <print+0x19e>
 cca:	04100713          	li	a4,65
 cce:	06700393          	li	t2,103
 cd2:	06c3c463          	blt	t2,a2,d3a <print+0x20a>
 cd6:	06500393          	li	t2,101
 cda:	18765363          	bge	a2,t2,e60 <print+0x330>
 cde:	04700393          	li	t2,71
 ce2:	04c3c163          	blt	t2,a2,d24 <print+0x1f4>
 ce6:	04500593          	li	a1,69
 cea:	16b65b63          	bge	a2,a1,e60 <print+0x330>
 cee:	04300713          	li	a4,67
 cf2:	eae610e3          	bne	a2,a4,b92 <print+0x62>
 cf6:	4018                	lw	a4,0(s0)
 cf8:	00440393          	addi	t2,s0,4
 cfc:	ca16                	sw	t0,20(sp)
 cfe:	00e10c23          	sb	a4,24(sp)
 d02:	c81e                	sw	t2,16(sp)
 d04:	00010ca3          	sb	zero,25(sp)
 d08:	4701                	li	a4,0
 d0a:	86be                	mv	a3,a5
 d0c:	862a                	mv	a2,a0
 d0e:	082c                	addi	a1,sp,24
 d10:	a849                	j	da2 <print+0x272>
 d12:	00128603          	lb	a2,1(t0)
 d16:	4581                	li	a1,0
 d18:	fae611e3          	bne	a2,a4,cba <print+0x18a>
 d1c:	0289                	addi	t0,t0,2
 d1e:	bf71                	j	cba <print+0x18a>
 d20:	0285                	addi	t0,t0,1
 d22:	bfb1                	j	c7e <print+0x14e>
 d24:	06300693          	li	a3,99
 d28:	fcd607e3          	beq	a2,a3,cf6 <print+0x1c6>
 d2c:	06c6ce63          	blt	a3,a2,da8 <print+0x278>
 d30:	05800693          	li	a3,88
 d34:	02d60363          	beq	a2,a3,d5a <print+0x22a>
 d38:	bda9                	j	b92 <print+0x62>
 d3a:	07300693          	li	a3,115
 d3e:	04d60463          	beq	a2,a3,d86 <print+0x256>
 d42:	02c6cb63          	blt	a3,a2,d78 <print+0x248>
 d46:	06f00693          	li	a3,111
 d4a:	0ed60263          	beq	a2,a3,e2e <print+0x2fe>
 d4e:	07000693          	li	a3,112
 d52:	0047e793          	ori	a5,a5,4
 d56:	e2d61ee3          	bne	a2,a3,b92 <print+0x62>
 d5a:	4691                	li	a3,4
 d5c:	0ad59f63          	bne	a1,a3,e1a <print+0x2ea>
 d60:	00840393          	addi	t2,s0,8
 d64:	400c                	lw	a1,0(s0)
 d66:	4050                	lw	a2,4(s0)
 d68:	ca16                	sw	t0,20(sp)
 d6a:	c23a                	sw	a4,4(sp)
 d6c:	c03e                	sw	a5,0(sp)
 d6e:	c81e                	sw	t2,16(sp)
 d70:	87aa                	mv	a5,a0
 d72:	4701                	li	a4,0
 d74:	46c1                	li	a3,16
 d76:	a0b9                	j	dc4 <print+0x294>
 d78:	07500693          	li	a3,117
 d7c:	06d60863          	beq	a2,a3,dec <print+0x2bc>
 d80:	07800693          	li	a3,120
 d84:	bf45                	j	d34 <print+0x204>
 d86:	4018                	lw	a4,0(s0)
 d88:	000016b7          	lui	a3,0x1
 d8c:	00440393          	addi	t2,s0,4
 d90:	ec468593          	addi	a1,a3,-316 # ec4 <printf+0x42>
 d94:	c311                	beqz	a4,d98 <print+0x268>
 d96:	85ba                	mv	a1,a4
 d98:	4732                	lw	a4,12(sp)
 d9a:	ca16                	sw	t0,20(sp)
 d9c:	c81e                	sw	t2,16(sp)
 d9e:	86be                	mv	a3,a5
 da0:	862a                	mv	a2,a0
 da2:	4522                	lw	a0,8(sp)
 da4:	3e41                	jal	934 <prints>
 da6:	a00d                	j	dc8 <print+0x298>
 da8:	4691                	li	a3,4
 daa:	02d59463          	bne	a1,a3,dd2 <print+0x2a2>
 dae:	00840393          	addi	t2,s0,8
 db2:	400c                	lw	a1,0(s0)
 db4:	4050                	lw	a2,4(s0)
 db6:	ca16                	sw	t0,20(sp)
 db8:	c23a                	sw	a4,4(sp)
 dba:	c03e                	sw	a5,0(sp)
 dbc:	c81e                	sw	t2,16(sp)
 dbe:	87aa                	mv	a5,a0
 dc0:	4705                	li	a4,1
 dc2:	46a9                	li	a3,10
 dc4:	4522                	lw	a0,8(sp)
 dc6:	338d                	jal	b28 <printLongLongInt>
 dc8:	43c2                	lw	t2,16(sp)
 dca:	94aa                	add	s1,s1,a0
 dcc:	841e                	mv	s0,t2
 dce:	42d2                	lw	t0,20(sp)
 dd0:	b3c9                	j	b92 <print+0x62>
 dd2:	46b2                	lw	a3,12(sp)
 dd4:	400c                	lw	a1,0(s0)
 dd6:	c816                	sw	t0,16(sp)
 dd8:	c236                	sw	a3,4(sp)
 dda:	c03a                	sw	a4,0(sp)
 ddc:	0411                	addi	s0,s0,4
 dde:	872a                	mv	a4,a0
 de0:	4685                	li	a3,1
 de2:	4629                	li	a2,10
 de4:	4522                	lw	a0,8(sp)
 de6:	3915                	jal	a1a <printInt>
 de8:	94aa                	add	s1,s1,a0
 dea:	b361                	j	b72 <print+0x42>
 dec:	4691                	li	a3,4
 dee:	00d59d63          	bne	a1,a3,e08 <print+0x2d8>
 df2:	00840393          	addi	t2,s0,8
 df6:	400c                	lw	a1,0(s0)
 df8:	4050                	lw	a2,4(s0)
 dfa:	ca16                	sw	t0,20(sp)
 dfc:	c23a                	sw	a4,4(sp)
 dfe:	c03e                	sw	a5,0(sp)
 e00:	c81e                	sw	t2,16(sp)
 e02:	87aa                	mv	a5,a0
 e04:	4701                	li	a4,0
 e06:	bf75                	j	dc2 <print+0x292>
 e08:	46b2                	lw	a3,12(sp)
 e0a:	400c                	lw	a1,0(s0)
 e0c:	c816                	sw	t0,16(sp)
 e0e:	c236                	sw	a3,4(sp)
 e10:	c03a                	sw	a4,0(sp)
 e12:	0411                	addi	s0,s0,4
 e14:	872a                	mv	a4,a0
 e16:	4681                	li	a3,0
 e18:	b7e9                	j	de2 <print+0x2b2>
 e1a:	46b2                	lw	a3,12(sp)
 e1c:	c816                	sw	t0,16(sp)
 e1e:	400c                	lw	a1,0(s0)
 e20:	4641                	li	a2,16
 e22:	c236                	sw	a3,4(sp)
 e24:	c03a                	sw	a4,0(sp)
 e26:	0411                	addi	s0,s0,4
 e28:	872a                	mv	a4,a0
 e2a:	4681                	li	a3,0
 e2c:	bf65                	j	de4 <print+0x2b4>
 e2e:	4691                	li	a3,4
 e30:	00d59e63          	bne	a1,a3,e4c <print+0x31c>
 e34:	00840393          	addi	t2,s0,8
 e38:	400c                	lw	a1,0(s0)
 e3a:	4050                	lw	a2,4(s0)
 e3c:	ca16                	sw	t0,20(sp)
 e3e:	c23a                	sw	a4,4(sp)
 e40:	c03e                	sw	a5,0(sp)
 e42:	c81e                	sw	t2,16(sp)
 e44:	87aa                	mv	a5,a0
 e46:	4701                	li	a4,0
 e48:	46a1                	li	a3,8
 e4a:	bfad                	j	dc4 <print+0x294>
 e4c:	46b2                	lw	a3,12(sp)
 e4e:	400c                	lw	a1,0(s0)
 e50:	c816                	sw	t0,16(sp)
 e52:	c236                	sw	a3,4(sp)
 e54:	c03a                	sw	a4,0(sp)
 e56:	0411                	addi	s0,s0,4
 e58:	872a                	mv	a4,a0
 e5a:	4681                	li	a3,0
 e5c:	4621                	li	a2,8
 e5e:	b759                	j	de4 <print+0x2b4>
 e60:	400c                	lw	a1,0(s0)
 e62:	00840613          	addi	a2,s0,8
 e66:	4040                	lw	s0,4(s0)
 e68:	c23a                	sw	a4,4(sp)
 e6a:	872a                	mv	a4,a0
 e6c:	4522                	lw	a0,8(sp)
 e6e:	c832                	sw	a2,16(sp)
 e70:	c03e                	sw	a5,0(sp)
 e72:	8622                	mv	a2,s0
 e74:	87b6                	mv	a5,a3
 e76:	46a9                	li	a3,10
 e78:	ca16                	sw	t0,20(sp)
 e7a:	394d                	jal	b2c <printDouble>
 e7c:	94aa                	add	s1,s1,a0
 e7e:	4442                	lw	s0,16(sp)
 e80:	b7b9                	j	dce <print+0x29e>

00000e82 <printf>:
 e82:	fdc10113          	addi	sp,sp,-36
 e86:	c82e                	sw	a1,16(sp)
 e88:	ca32                	sw	a2,20(sp)
 e8a:	85aa                	mv	a1,a0
 e8c:	0810                	addi	a2,sp,16
 e8e:	4501                	li	a0,0
 e90:	c606                	sw	ra,12(sp)
 e92:	cc36                	sw	a3,24(sp)
 e94:	ce3a                	sw	a4,28(sp)
 e96:	d03e                	sw	a5,32(sp)
 e98:	c032                	sw	a2,0(sp)
 e9a:	3959                	jal	b30 <print>
 e9c:	40b2                	lw	ra,12(sp)
 e9e:	02410113          	addi	sp,sp,36
 ea2:	8082                	ret
 ea4:	74737953          	0x74737953
 ea8:	6d65                	lui	s10,0x19
 eaa:	3a6b6c43          	fmadd.d	fs8,fs6,ft6,ft7,unknown
 eae:	6425                	lui	s0,0x9
 eb0:	0a0d                	addi	s4,s4,3
 eb2:	0000                	unimp
 eb4:	70696843          	fmadd.s	fa6,fs2,ft6,fa4,unknown
 eb8:	4449                	li	s0,18
 eba:	253a                	lhu	a4,10(a0)
 ebc:	3830                	lbu	a2,19(s0)
 ebe:	0d78                	addi	a4,sp,668
 ec0:	000a                	c.slli	zero,0x2
 ec2:	0000                	unimp
 ec4:	6e28                	flw	fa0,88(a2)
 ec6:	6c75                	lui	s8,0x1d
 ec8:	296c                	lbu	a1,22(a0)
	...
